Using pre-set license

 COMMAND LINE ARGUMENTS:
/Applications/Unity/Hub/Editor/2020.3.16f1/Unity.app/Contents/MacOS/Unity
-adb2
-batchMode
-noUpm
-name
AssetImportWorker0
-projectPath
/Users/rilie/Documents/unity/tutorial 1.5/tutorial 1.5 real
-logFile
Logs/AssetImportWorker0.log
-srvPort
52161
Successfully changed project path to: /Users/rilie/Documents/unity/tutorial 1.5/tutorial 1.5 real
/Users/rilie/Documents/unity/tutorial 1.5/tutorial 1.5 real
Using Asset Import Pipeline V2.
Refreshing native plugins compatible for Editor in 75.63 ms, found 3 plugins.
Preloading 0 native plugins for Editor in 0.00 ms.
Initialize engine version: 2020.3.16f1 (049d6eca3c44)
[Subsystems] Discovering subsystems at path /Applications/Unity/Hub/Editor/2020.3.16f1/Unity.app/Contents/Resources/UnitySubsystems
[Subsystems] Discovering subsystems at path /Users/rilie/Documents/unity/tutorial 1.5/tutorial 1.5 real/Assets
GfxDevice: creating device client; threaded=0
2021-10-03 16:43:43.649 Unity[4699:204520] Color LCD preferred device: Intel(R) UHD Graphics 617 (low power)
2021-10-03 16:43:43.649 Unity[4699:204520] Metal devices available: 1
2021-10-03 16:43:43.649 Unity[4699:204520] 0: Intel(R) UHD Graphics 617 (low power)
2021-10-03 16:43:43.650 Unity[4699:204520] Using device Intel(R) UHD Graphics 617 (low power)
Initializing Metal device caps: Intel(R) UHD Graphics 617
Initialize mono
Mono path[0] = '/Applications/Unity/Hub/Editor/2020.3.16f1/Unity.app/Contents/Managed'
Mono path[1] = '/Applications/Unity/Hub/Editor/2020.3.16f1/Unity.app/Contents/MonoBleedingEdge/lib/mono/unityjit'
Mono config path = '/Applications/Unity/Hub/Editor/2020.3.16f1/Unity.app/Contents/MonoBleedingEdge/etc'
Using monoOptions --debugger-agent=transport=dt_socket,embedding=1,server=y,suspend=n,address=127.0.0.1:56699
Begin MonoManager ReloadAssembly
Registering precompiled unity dll's ...
Register platform support module: /Applications/Unity/Hub/Editor/2020.3.16f1/Unity.app/Contents/PlaybackEngines/MacStandaloneSupport/UnityEditor.OSXStandalone.Extensions.dll
Register platform support module: /Applications/Unity/Hub/Editor/2020.3.16f1/PlaybackEngines/WindowsStandaloneSupport/UnityEditor.WindowsStandalone.Extensions.dll
Registered in 0.001027 seconds.
Native extension for WindowsStandalone target not found
Native extension for OSXStandalone target not found
Refreshing native plugins compatible for Editor in 61.16 ms, found 3 plugins.
Preloading 0 native plugins for Editor in 0.00 ms.
Mono: successfully reloaded assembly
- Completed reload, in  3.045 seconds
Domain Reload Profiling:
	ReloadAssembly (3045ms)
		BeginReloadAssembly (64ms)
			ExecutionOrderSort (0ms)
			DisableScriptedObjects (0ms)
			BackupInstance (0ms)
			ReleaseScriptingObjects (0ms)
			CreateAndSetChildDomain (1ms)
		EndReloadAssembly (818ms)
			LoadAssemblies (64ms)
			RebuildTransferFunctionScriptingTraits (0ms)
			SetupTypeCache (349ms)
			ReleaseScriptCaches (0ms)
			RebuildScriptCaches (69ms)
			SetupLoadedEditorAssemblies (270ms)
				LogAssemblyErrors (0ms)
				InitializePlatformSupportModulesInManaged (7ms)
				SetLoadedEditorAssemblies (0ms)
				RefreshPlugins (61ms)
				BeforeProcessingInitializeOnLoad (12ms)
				ProcessInitializeOnLoadAttributes (147ms)
				ProcessInitializeOnLoadMethodAttributes (43ms)
				AfterProcessingInitializeOnLoad (0ms)
				EditorAssembliesLoaded (0ms)
			ExecutionOrderSort2 (0ms)
			AwakeInstancesAfterBackupRestoration (0ms)
Platform modules already initialized, skipping
Registering precompiled user dll's ...
Registered in 0.002367 seconds.
Begin MonoManager ReloadAssembly
Native extension for WindowsStandalone target not found
Native extension for OSXStandalone target not found
Refreshing native plugins compatible for Editor in 65.97 ms, found 3 plugins.
Preloading 0 native plugins for Editor in 0.00 ms.
Mono: successfully reloaded assembly
- Completed reload, in  2.280 seconds
Domain Reload Profiling:
	ReloadAssembly (2283ms)
		BeginReloadAssembly (229ms)
			ExecutionOrderSort (0ms)
			DisableScriptedObjects (7ms)
			BackupInstance (0ms)
			ReleaseScriptingObjects (0ms)
			CreateAndSetChildDomain (58ms)
		EndReloadAssembly (1948ms)
			LoadAssemblies (136ms)
			RebuildTransferFunctionScriptingTraits (0ms)
			SetupTypeCache (757ms)
			ReleaseScriptCaches (1ms)
			RebuildScriptCaches (134ms)
			SetupLoadedEditorAssemblies (625ms)
				LogAssemblyErrors (0ms)
				InitializePlatformSupportModulesInManaged (9ms)
				SetLoadedEditorAssemblies (0ms)
				RefreshPlugins (66ms)
				BeforeProcessingInitializeOnLoad (99ms)
				ProcessInitializeOnLoadAttributes (428ms)
				ProcessInitializeOnLoadMethodAttributes (19ms)
				AfterProcessingInitializeOnLoad (3ms)
				EditorAssembliesLoaded (0ms)
			ExecutionOrderSort2 (0ms)
			AwakeInstancesAfterBackupRestoration (12ms)
Platform modules already initialized, skipping
========================================================================
Worker process is ready to serve import requests
Launching external process: /Applications/Unity/Hub/Editor/2020.3.16f1/Unity.app/Contents/Tools/UnityShaderCompiler
Launched and connected shader compiler UnityShaderCompiler after 0.02 seconds
Refreshing native plugins compatible for Editor in 0.85 ms, found 3 plugins.
Preloading 0 native plugins for Editor in 0.00 ms.
Unloading 2092 Unused Serialized files (Serialized files now loaded: 0)
System memory in use before: 171.4 MB.
System memory in use after: 171.5 MB.

Unloading 28 unused Assets to reduce memory usage. Loaded Objects now: 2529.
Total: 5.238252 ms (FindLiveObjects: 0.273246 ms CreateObjectMapping: 0.107999 ms MarkObjects: 4.765787 ms  DeleteObjects: 0.089617 ms)

AssetImportParameters requested are different than current active one (requested -> active):
  custom:video-decoder-ogg-theora: a1e56fd34408186e4bbccfd4996cb3dc -> 
  custom:container-muxer-webm: aa71ff27fc2769a1b78a27578f13a17b -> 
  custom:container-demuxer-webm: 4f35f7cbe854078d1ac9338744f61a02 -> 
  custom:container-demuxer-ogg: 62fdf1f143b41e24485cea50d1cbac27 -> 
  custom:video-encoder-webm-vp8: eb34c28f22e8b96e1ab97ce403110664 -> 
  custom:framework-osx-AVFoundation: e770b220cccbd017edd2c1fefb359320 -> 
  custom:video-decoder-webm-vp8: 9c59270c3fd7afecdb556c50c9e8de78 -> 
  custom:audio-decoder-ogg-vorbis: bf7c407c2cedff20999df2af8eb42d56 -> 
  custom:audio-encoder-webm-vorbis: bf7c407c2cedff20999df2af8eb42d56 -> 
========================================================================
Received Import Request.
  path: Assets/Sounds
  artifactKey: Guid(e3969b0befe9d495497af66c9456c436) Importer(815301076,1909f56bfc062723c751e8b465ee728b)
Start importing Assets/Sounds using Guid(e3969b0befe9d495497af66c9456c436) Importer(815301076,1909f56bfc062723c751e8b465ee728b)  -> (artifact id: '745088a1f0c7af569ff4091364c8d468') in 0.007982 seconds 
  Import took 0.012515 seconds .

========================================================================
Received Import Request.
  Time since last request: 11.009943 seconds.
  path: Assets/Animation
  artifactKey: Guid(bb0d1244a4a8a4995aa3611857cafdaf) Importer(815301076,1909f56bfc062723c751e8b465ee728b)
Start importing Assets/Animation using Guid(bb0d1244a4a8a4995aa3611857cafdaf) Importer(815301076,1909f56bfc062723c751e8b465ee728b)  -> (artifact id: '5ab48710f66eee2ed8d5101b4a99ee2a') in 0.003603 seconds 
  Import took 0.012631 seconds .

========================================================================
Received Import Request.
  Time since last request: 12.516067 seconds.
  path: Assets/Animations
  artifactKey: Guid(bb0d1244a4a8a4995aa3611857cafdaf) Importer(815301076,1909f56bfc062723c751e8b465ee728b)
Start importing Assets/Animations using Guid(bb0d1244a4a8a4995aa3611857cafdaf) Importer(815301076,1909f56bfc062723c751e8b465ee728b)  -> (artifact id: '33f7070353b558d3afc39d29824dba22') in 0.002782 seconds 
  Import took 0.010468 seconds .

========================================================================
Received Import Request.
  Time since last request: 7.750816 seconds.
  path: Assets/New Folder
  artifactKey: Guid(ad6fe78beed8e4450995d29f0b7e6889) Importer(815301076,1909f56bfc062723c751e8b465ee728b)
Start importing Assets/New Folder using Guid(ad6fe78beed8e4450995d29f0b7e6889) Importer(815301076,1909f56bfc062723c751e8b465ee728b)  -> (artifact id: 'dec3acef2688ea0ca8f06e6a439466d7') in 0.002462 seconds 
  Import took 0.009245 seconds .

========================================================================
Received Import Request.
  Time since last request: 6.216358 seconds.
  path: Assets/Scripts
  artifactKey: Guid(ad6fe78beed8e4450995d29f0b7e6889) Importer(815301076,1909f56bfc062723c751e8b465ee728b)
Start importing Assets/Scripts using Guid(ad6fe78beed8e4450995d29f0b7e6889) Importer(815301076,1909f56bfc062723c751e8b465ee728b)  -> (artifact id: 'c11db4b1498ea4d8874146a4c5537eae') in 0.002491 seconds 
  Import took 0.008941 seconds .

========================================================================
Received Prepare
Registering precompiled user dll's ...
Registered in 0.002374 seconds.
Begin MonoManager ReloadAssembly
Native extension for WindowsStandalone target not found
Native extension for OSXStandalone target not found
Refreshing native plugins compatible for Editor in 0.53 ms, found 3 plugins.
Preloading 0 native plugins for Editor in 0.00 ms.
Mono: successfully reloaded assembly
- Completed reload, in  1.557 seconds
Domain Reload Profiling:
	ReloadAssembly (1558ms)
		BeginReloadAssembly (183ms)
			ExecutionOrderSort (0ms)
			DisableScriptedObjects (9ms)
			BackupInstance (0ms)
			ReleaseScriptingObjects (0ms)
			CreateAndSetChildDomain (94ms)
		EndReloadAssembly (1275ms)
			LoadAssemblies (106ms)
			RebuildTransferFunctionScriptingTraits (0ms)
			SetupTypeCache (474ms)
			ReleaseScriptCaches (1ms)
			RebuildScriptCaches (72ms)
			SetupLoadedEditorAssemblies (453ms)
				LogAssemblyErrors (0ms)
				InitializePlatformSupportModulesInManaged (7ms)
				SetLoadedEditorAssemblies (1ms)
				RefreshPlugins (1ms)
				BeforeProcessingInitializeOnLoad (63ms)
				ProcessInitializeOnLoadAttributes (373ms)
				ProcessInitializeOnLoadMethodAttributes (7ms)
				AfterProcessingInitializeOnLoad (2ms)
				EditorAssembliesLoaded (0ms)
			ExecutionOrderSort2 (0ms)
			AwakeInstancesAfterBackupRestoration (13ms)
Platform modules already initialized, skipping
Refreshing native plugins compatible for Editor in 0.52 ms, found 3 plugins.
Preloading 0 native plugins for Editor in 0.00 ms.
Unloading 2082 Unused Serialized files (Serialized files now loaded: 0)
System memory in use before: 171.1 MB.
System memory in use after: 171.2 MB.

Unloading 16 unused Assets to reduce memory usage. Loaded Objects now: 2532.
Total: 4.528909 ms (FindLiveObjects: 0.269359 ms CreateObjectMapping: 0.109031 ms MarkObjects: 4.112688 ms  DeleteObjects: 0.036284 ms)

AssetImportParameters requested are different than current active one (requested -> active):
  custom:video-decoder-ogg-theora: a1e56fd34408186e4bbccfd4996cb3dc -> 
  custom:container-muxer-webm: aa71ff27fc2769a1b78a27578f13a17b -> 
  custom:container-demuxer-webm: 4f35f7cbe854078d1ac9338744f61a02 -> 
  custom:container-demuxer-ogg: 62fdf1f143b41e24485cea50d1cbac27 -> 
  custom:video-encoder-webm-vp8: eb34c28f22e8b96e1ab97ce403110664 -> 
  custom:framework-osx-AVFoundation: e770b220cccbd017edd2c1fefb359320 -> 
  custom:video-decoder-webm-vp8: 9c59270c3fd7afecdb556c50c9e8de78 -> 
  custom:audio-decoder-ogg-vorbis: bf7c407c2cedff20999df2af8eb42d56 -> 
  custom:audio-encoder-webm-vorbis: bf7c407c2cedff20999df2af8eb42d56 -> 
========================================================================
Received Import Request.
  Time since last request: 16.380603 seconds.
  path: Assets/Sprites
  artifactKey: Guid(261aa75c0323c497ba0cd4b8cc9f0468) Importer(815301076,1909f56bfc062723c751e8b465ee728b)
Start importing Assets/Sprites using Guid(261aa75c0323c497ba0cd4b8cc9f0468) Importer(815301076,1909f56bfc062723c751e8b465ee728b)  -> (artifact id: '45aca4e40b3e1504c3d36a63ff0f7860') in 0.006926 seconds 
  Import took 0.011807 seconds .

========================================================================
Received Import Request.
  Time since last request: 0.015397 seconds.
  path: Assets/Sprites
  artifactKey: Guid(261aa75c0323c497ba0cd4b8cc9f0468) Importer(815301076,1909f56bfc062723c751e8b465ee728b)
Start importing Assets/Sprites using Guid(261aa75c0323c497ba0cd4b8cc9f0468) Importer(815301076,1909f56bfc062723c751e8b465ee728b)  -> (artifact id: '45aca4e40b3e1504c3d36a63ff0f7860') in 0.006503 seconds 
  Import took 0.013124 seconds .

========================================================================
Received Import Request.
  Time since last request: 25.179432 seconds.
  path: Assets/Scripts/CatController.cs
  artifactKey: Guid(0ce3da85b7623430da86f280461f7ead) Importer(815301076,1909f56bfc062723c751e8b465ee728b)
Start importing Assets/Scripts/CatController.cs using Guid(0ce3da85b7623430da86f280461f7ead) Importer(815301076,1909f56bfc062723c751e8b465ee728b)  -> (artifact id: 'efdc7c2e0372242da718d258184f6973') in 0.565567 seconds 
  Import took 0.572173 seconds .

========================================================================
Received Prepare
Registering precompiled user dll's ...
Registered in 0.006317 seconds.
Begin MonoManager ReloadAssembly
Native extension for WindowsStandalone target not found
Native extension for OSXStandalone target not found
Refreshing native plugins compatible for Editor in 0.54 ms, found 3 plugins.
Preloading 0 native plugins for Editor in 0.00 ms.
Mono: successfully reloaded assembly
- Completed reload, in  1.584 seconds
Domain Reload Profiling:
	ReloadAssembly (1584ms)
		BeginReloadAssembly (190ms)
			ExecutionOrderSort (0ms)
			DisableScriptedObjects (10ms)
			BackupInstance (0ms)
			ReleaseScriptingObjects (0ms)
			CreateAndSetChildDomain (103ms)
		EndReloadAssembly (1296ms)
			LoadAssemblies (105ms)
			RebuildTransferFunctionScriptingTraits (0ms)
			SetupTypeCache (471ms)
			ReleaseScriptCaches (1ms)
			RebuildScriptCaches (79ms)
			SetupLoadedEditorAssemblies (476ms)
				LogAssemblyErrors (0ms)
				InitializePlatformSupportModulesInManaged (7ms)
				SetLoadedEditorAssemblies (1ms)
				RefreshPlugins (1ms)
				BeforeProcessingInitializeOnLoad (62ms)
				ProcessInitializeOnLoadAttributes (395ms)
				ProcessInitializeOnLoadMethodAttributes (9ms)
				AfterProcessingInitializeOnLoad (2ms)
				EditorAssembliesLoaded (0ms)
			ExecutionOrderSort2 (0ms)
			AwakeInstancesAfterBackupRestoration (17ms)
Platform modules already initialized, skipping
Refreshing native plugins compatible for Editor in 0.78 ms, found 3 plugins.
Preloading 0 native plugins for Editor in 0.00 ms.
Unloading 2082 Unused Serialized files (Serialized files now loaded: 0)
System memory in use before: 175.8 MB.
System memory in use after: 175.9 MB.

Unloading 16 unused Assets to reduce memory usage. Loaded Objects now: 2535.
Total: 6.407372 ms (FindLiveObjects: 0.390652 ms CreateObjectMapping: 0.184329 ms MarkObjects: 5.803061 ms  DeleteObjects: 0.027561 ms)

AssetImportParameters requested are different than current active one (requested -> active):
  custom:video-decoder-ogg-theora: a1e56fd34408186e4bbccfd4996cb3dc -> 
  custom:container-muxer-webm: aa71ff27fc2769a1b78a27578f13a17b -> 
  custom:container-demuxer-webm: 4f35f7cbe854078d1ac9338744f61a02 -> 
  custom:container-demuxer-ogg: 62fdf1f143b41e24485cea50d1cbac27 -> 
  custom:video-encoder-webm-vp8: eb34c28f22e8b96e1ab97ce403110664 -> 
  custom:framework-osx-AVFoundation: e770b220cccbd017edd2c1fefb359320 -> 
  custom:video-decoder-webm-vp8: 9c59270c3fd7afecdb556c50c9e8de78 -> 
  custom:audio-decoder-ogg-vorbis: bf7c407c2cedff20999df2af8eb42d56 -> 
  custom:audio-encoder-webm-vorbis: bf7c407c2cedff20999df2af8eb42d56 -> 
========================================================================
Received Prepare
Registering precompiled user dll's ...
Registered in 0.002360 seconds.
Begin MonoManager ReloadAssembly
Native extension for WindowsStandalone target not found
Native extension for OSXStandalone target not found
Refreshing native plugins compatible for Editor in 0.49 ms, found 3 plugins.
Preloading 0 native plugins for Editor in 0.00 ms.
Mono: successfully reloaded assembly
- Completed reload, in  1.629 seconds
Domain Reload Profiling:
	ReloadAssembly (1630ms)
		BeginReloadAssembly (180ms)
			ExecutionOrderSort (0ms)
			DisableScriptedObjects (9ms)
			BackupInstance (0ms)
			ReleaseScriptingObjects (0ms)
			CreateAndSetChildDomain (98ms)
		EndReloadAssembly (1345ms)
			LoadAssemblies (109ms)
			RebuildTransferFunctionScriptingTraits (0ms)
			SetupTypeCache (523ms)
			ReleaseScriptCaches (1ms)
			RebuildScriptCaches (75ms)
			SetupLoadedEditorAssemblies (470ms)
				LogAssemblyErrors (0ms)
				InitializePlatformSupportModulesInManaged (7ms)
				SetLoadedEditorAssemblies (1ms)
				RefreshPlugins (1ms)
				BeforeProcessingInitializeOnLoad (67ms)
				ProcessInitializeOnLoadAttributes (384ms)
				ProcessInitializeOnLoadMethodAttributes (8ms)
				AfterProcessingInitializeOnLoad (2ms)
				EditorAssembliesLoaded (0ms)
			ExecutionOrderSort2 (0ms)
			AwakeInstancesAfterBackupRestoration (16ms)
Platform modules already initialized, skipping
Refreshing native plugins compatible for Editor in 0.52 ms, found 3 plugins.
Preloading 0 native plugins for Editor in 0.00 ms.
Unloading 2082 Unused Serialized files (Serialized files now loaded: 0)
System memory in use before: 176.0 MB.
System memory in use after: 176.1 MB.

Unloading 16 unused Assets to reduce memory usage. Loaded Objects now: 2538.
Total: 4.552518 ms (FindLiveObjects: 0.249014 ms CreateObjectMapping: 0.092996 ms MarkObjects: 4.182755 ms  DeleteObjects: 0.026288 ms)

AssetImportParameters requested are different than current active one (requested -> active):
  custom:video-decoder-ogg-theora: a1e56fd34408186e4bbccfd4996cb3dc -> 
  custom:container-muxer-webm: aa71ff27fc2769a1b78a27578f13a17b -> 
  custom:container-demuxer-webm: 4f35f7cbe854078d1ac9338744f61a02 -> 
  custom:container-demuxer-ogg: 62fdf1f143b41e24485cea50d1cbac27 -> 
  custom:video-encoder-webm-vp8: eb34c28f22e8b96e1ab97ce403110664 -> 
  custom:framework-osx-AVFoundation: e770b220cccbd017edd2c1fefb359320 -> 
  custom:video-decoder-webm-vp8: 9c59270c3fd7afecdb556c50c9e8de78 -> 
  custom:audio-decoder-ogg-vorbis: bf7c407c2cedff20999df2af8eb42d56 -> 
  custom:audio-encoder-webm-vorbis: bf7c407c2cedff20999df2af8eb42d56 -> 
========================================================================
Received Import Request.
  Time since last request: 136.194018 seconds.
  path: Assets/Sprites/Dead (1).png
  artifactKey: Guid(ec1a3abdf6f6d47eba5daa94d7dd9dc3) Importer(815301076,1909f56bfc062723c751e8b465ee728b)
Start importing Assets/Sprites/Dead (1).png using Guid(ec1a3abdf6f6d47eba5daa94d7dd9dc3) Importer(815301076,1909f56bfc062723c751e8b465ee728b)  -> (artifact id: 'b1f732ca0e293fde72db7ceb5401c9a3') in 1.921646 seconds 
  Import took 1.930910 seconds .

========================================================================
Received Import Request.
  Time since last request: 0.003755 seconds.
  path: Assets/Sprites/Hurt (8).png
  artifactKey: Guid(62ae7f0f0240240ff9f223a42cabfd33) Importer(815301076,1909f56bfc062723c751e8b465ee728b)
Start importing Assets/Sprites/Hurt (8).png using Guid(62ae7f0f0240240ff9f223a42cabfd33) Importer(815301076,1909f56bfc062723c751e8b465ee728b)  -> (artifact id: '0d42947fbd400634b60254e674a8a7e7') in 0.022180 seconds 
  Import took 0.027546 seconds .

========================================================================
Received Import Request.
  Time since last request: 0.000381 seconds.
  path: Assets/Sprites/Hurt (7).png
  artifactKey: Guid(dcca171703ed04d0e8324c09c9bcd21b) Importer(815301076,1909f56bfc062723c751e8b465ee728b)
Start importing Assets/Sprites/Hurt (7).png using Guid(dcca171703ed04d0e8324c09c9bcd21b) Importer(815301076,1909f56bfc062723c751e8b465ee728b)  -> (artifact id: 'e4e1971e6e261291a218f61045a9de52') in 0.024744 seconds 
  Import took 0.031941 seconds .

========================================================================
Received Import Request.
  Time since last request: 0.000771 seconds.
  path: Assets/Sprites/Dead (8).png
  artifactKey: Guid(150daf3c2e71b417f853d7fd928412fa) Importer(815301076,1909f56bfc062723c751e8b465ee728b)
Start importing Assets/Sprites/Dead (8).png using Guid(150daf3c2e71b417f853d7fd928412fa) Importer(815301076,1909f56bfc062723c751e8b465ee728b)  -> (artifact id: 'f0436d4556e6a17c7c1aed9b999e4501') in 0.048826 seconds 
  Import took 0.056680 seconds .

========================================================================
Received Import Request.
  Time since last request: 0.010171 seconds.
  path: Assets/Sprites/Dead (2).png
  artifactKey: Guid(8f94a02e8fd9d43c1861b0532354a875) Importer(815301076,1909f56bfc062723c751e8b465ee728b)
Start importing Assets/Sprites/Dead (2).png using Guid(8f94a02e8fd9d43c1861b0532354a875) Importer(815301076,1909f56bfc062723c751e8b465ee728b)  -> (artifact id: 'cc397438ffb08fd828b79108d9642b82') in 0.033074 seconds 
  Import took 0.040844 seconds .

========================================================================
Received Import Request.
  Time since last request: 0.000465 seconds.
  path: Assets/Sprites/Fall (1).png
  artifactKey: Guid(9f539301b91d64ee9ad82883a2146a37) Importer(815301076,1909f56bfc062723c751e8b465ee728b)
Start importing Assets/Sprites/Fall (1).png using Guid(9f539301b91d64ee9ad82883a2146a37) Importer(815301076,1909f56bfc062723c751e8b465ee728b)  -> (artifact id: 'bd3d84fc2c5605841b5197c80e6d88ca') in 0.034483 seconds 
  Import took 0.041706 seconds .

========================================================================
Received Import Request.
  Time since last request: 0.000341 seconds.
  path: Assets/Sprites/Hurt (10).png
  artifactKey: Guid(136fff182e7554705b4c263110a4e8bd) Importer(815301076,1909f56bfc062723c751e8b465ee728b)
Start importing Assets/Sprites/Hurt (10).png using Guid(136fff182e7554705b4c263110a4e8bd) Importer(815301076,1909f56bfc062723c751e8b465ee728b)  -> (artifact id: '0a7d210cd1eeba83edb3a5bc4857039f') in 0.028407 seconds 
  Import took 0.033781 seconds .

========================================================================
Received Import Request.
  Time since last request: 0.000344 seconds.
  path: Assets/Sprites/Hurt (5).png
  artifactKey: Guid(9944698707b8b42948c384e73b8de721) Importer(815301076,1909f56bfc062723c751e8b465ee728b)
Start importing Assets/Sprites/Hurt (5).png using Guid(9944698707b8b42948c384e73b8de721) Importer(815301076,1909f56bfc062723c751e8b465ee728b)  -> (artifact id: 'c6794e2c8fc98df2ca44a2b4f235914c') in 0.024703 seconds 
  Import took 0.032835 seconds .

========================================================================
Received Import Request.
  Time since last request: 0.000851 seconds.
  path: Assets/Sprites/Idle (3).png
  artifactKey: Guid(20f736a1c7ea24d56a031b1c48c9295a) Importer(815301076,1909f56bfc062723c751e8b465ee728b)
Start importing Assets/Sprites/Idle (3).png using Guid(20f736a1c7ea24d56a031b1c48c9295a) Importer(815301076,1909f56bfc062723c751e8b465ee728b)  -> (artifact id: '946181476ae8b59e62cde9db03eaef30') in 0.031343 seconds 
  Import took 0.038407 seconds .

========================================================================
Received Import Request.
  Time since last request: 0.000455 seconds.
  path: Assets/Sprites/Fall (5).png
  artifactKey: Guid(07c31aaed25374a289a365a40ba773f4) Importer(815301076,1909f56bfc062723c751e8b465ee728b)
Start importing Assets/Sprites/Fall (5).png using Guid(07c31aaed25374a289a365a40ba773f4) Importer(815301076,1909f56bfc062723c751e8b465ee728b)  -> (artifact id: '24e2d02b431d4793fb4daf5b043c59c7') in 0.020314 seconds 
  Import took 0.025342 seconds .

========================================================================
Received Import Request.
  Time since last request: 0.000282 seconds.
  path: Assets/Sprites/Hurt (4).png
  artifactKey: Guid(91237009cdd9a4a98ba6ceaf872d468c) Importer(815301076,1909f56bfc062723c751e8b465ee728b)
Start importing Assets/Sprites/Hurt (4).png using Guid(91237009cdd9a4a98ba6ceaf872d468c) Importer(815301076,1909f56bfc062723c751e8b465ee728b)  -> (artifact id: '533e4a16fcd0d547f63290e5238ab728') in 0.030583 seconds 
  Import took 0.038071 seconds .

========================================================================
Received Import Request.
  Time since last request: 0.000413 seconds.
  path: Assets/Sprites/Dead (7).png
  artifactKey: Guid(9d0ba2b1dcbe2430c8463ae82d6e416a) Importer(815301076,1909f56bfc062723c751e8b465ee728b)
Start importing Assets/Sprites/Dead (7).png using Guid(9d0ba2b1dcbe2430c8463ae82d6e416a) Importer(815301076,1909f56bfc062723c751e8b465ee728b)  -> (artifact id: '58fd8b57c3111fc5d4d05150ea65862b') in 0.024390 seconds 
  Import took 0.031883 seconds .

========================================================================
Received Import Request.
  Time since last request: 0.000430 seconds.
  path: Assets/Sprites/Dead (3).png
  artifactKey: Guid(0af9b2c4de1dc46bbb31ad4d4de2a95f) Importer(815301076,1909f56bfc062723c751e8b465ee728b)
Start importing Assets/Sprites/Dead (3).png using Guid(0af9b2c4de1dc46bbb31ad4d4de2a95f) Importer(815301076,1909f56bfc062723c751e8b465ee728b)  -> (artifact id: 'e4006f5a6bbe24937c73ed2643bee4dd') in 0.020095 seconds 
  Import took 0.026030 seconds .

========================================================================
Received Import Request.
  Time since last request: 0.000336 seconds.
  path: Assets/Sprites/Hurt (2).png
  artifactKey: Guid(69e9a5536cff24eca93b23a85f586cda) Importer(815301076,1909f56bfc062723c751e8b465ee728b)
Start importing Assets/Sprites/Hurt (2).png using Guid(69e9a5536cff24eca93b23a85f586cda) Importer(815301076,1909f56bfc062723c751e8b465ee728b)  -> (artifact id: 'eb7e57293dd71d00a72f81a393497e56') in 0.022566 seconds 
  Import took 0.029158 seconds .

========================================================================
Received Import Request.
  Time since last request: 0.000559 seconds.
  path: Assets/Sprites/Dead (10).png
  artifactKey: Guid(38b423e0d6b4344c080b8299a17bb8f4) Importer(815301076,1909f56bfc062723c751e8b465ee728b)
Start importing Assets/Sprites/Dead (10).png using Guid(38b423e0d6b4344c080b8299a17bb8f4) Importer(815301076,1909f56bfc062723c751e8b465ee728b)  -> (artifact id: 'fbfb11007b7196bdfb20f55c35bbdd0a') in 0.027240 seconds 
  Import took 0.036544 seconds .

========================================================================
Received Import Request.
  Time since last request: 0.000331 seconds.
  path: Assets/Sprites/Dead (5).png
  artifactKey: Guid(942816e0fc8e641338ee407f50f8125e) Importer(815301076,1909f56bfc062723c751e8b465ee728b)
Start importing Assets/Sprites/Dead (5).png using Guid(942816e0fc8e641338ee407f50f8125e) Importer(815301076,1909f56bfc062723c751e8b465ee728b)  -> (artifact id: '5202985075350926b2efe5fe6f55591b') in 0.020202 seconds 
  Import took 0.026104 seconds .

========================================================================
Received Import Request.
  Time since last request: 0.000325 seconds.
  path: Assets/Sprites/Idle (2).png
  artifactKey: Guid(c6ddb4b89ab5a477ca3067162274f66f) Importer(815301076,1909f56bfc062723c751e8b465ee728b)
Start importing Assets/Sprites/Idle (2).png using Guid(c6ddb4b89ab5a477ca3067162274f66f) Importer(815301076,1909f56bfc062723c751e8b465ee728b)  -> (artifact id: 'e3c8b164a115e2de5fe96e9d7297bca3') in 0.023414 seconds 
  Import took 0.030904 seconds .

========================================================================
Received Import Request.
  Time since last request: 0.000424 seconds.
  path: Assets/Sprites/Idle (5).png
  artifactKey: Guid(6c8f517130b5e48f79b2913a50c34f86) Importer(815301076,1909f56bfc062723c751e8b465ee728b)
Start importing Assets/Sprites/Idle (5).png using Guid(6c8f517130b5e48f79b2913a50c34f86) Importer(815301076,1909f56bfc062723c751e8b465ee728b)  -> (artifact id: '0d3a9da872cea75774fe3751c68dca0f') in 0.038760 seconds 
  Import took 0.046132 seconds .

========================================================================
Received Import Request.
  Time since last request: 0.000331 seconds.
  path: Assets/Sprites/Fall (6).png
  artifactKey: Guid(5ccedd43f848e47768558e1ed44f8952) Importer(815301076,1909f56bfc062723c751e8b465ee728b)
Start importing Assets/Sprites/Fall (6).png using Guid(5ccedd43f848e47768558e1ed44f8952) Importer(815301076,1909f56bfc062723c751e8b465ee728b)  -> (artifact id: 'b6f6c2a3e5858dfc2421982f7de8b90c') in 0.021945 seconds 
  Import took 0.027687 seconds .

========================================================================
Received Import Request.
  Time since last request: 0.000311 seconds.
  path: Assets/Sprites/Idle (1).png
  artifactKey: Guid(01fb6f34e15a54684a50ba0fcb4aa6a9) Importer(815301076,1909f56bfc062723c751e8b465ee728b)
Start importing Assets/Sprites/Idle (1).png using Guid(01fb6f34e15a54684a50ba0fcb4aa6a9) Importer(815301076,1909f56bfc062723c751e8b465ee728b)  -> (artifact id: '5e9ae245cde9a8a8aeeb20073c5d2f20') in 0.019878 seconds 
  Import took 0.025011 seconds .

========================================================================
Received Import Request.
  Time since last request: 0.000318 seconds.
  path: Assets/Sprites/Dead (6).png
  artifactKey: Guid(3f9ac28b768ac4b71ba11f1285f099c3) Importer(815301076,1909f56bfc062723c751e8b465ee728b)
Start importing Assets/Sprites/Dead (6).png using Guid(3f9ac28b768ac4b71ba11f1285f099c3) Importer(815301076,1909f56bfc062723c751e8b465ee728b)  -> (artifact id: '53eae61ac7e4d4c1b60a2b68a8dd0dd0') in 0.034320 seconds 
  Import took 0.042014 seconds .

========================================================================
Received Import Request.
  Time since last request: 0.000381 seconds.
  path: Assets/Sprites/Fall (4).png
  artifactKey: Guid(fc873e12bba3443f9b346a89b6a4c3fe) Importer(815301076,1909f56bfc062723c751e8b465ee728b)
Start importing Assets/Sprites/Fall (4).png using Guid(fc873e12bba3443f9b346a89b6a4c3fe) Importer(815301076,1909f56bfc062723c751e8b465ee728b)  -> (artifact id: '37c5412cfd54191a1ac7c4c2ed4d45e6') in 0.018470 seconds 
  Import took 0.024289 seconds .

========================================================================
Received Import Request.
  Time since last request: 0.000843 seconds.
  path: Assets/Sprites/Hurt (3).png
  artifactKey: Guid(c3c7bc09477a244e2915bec79fa6e4ad) Importer(815301076,1909f56bfc062723c751e8b465ee728b)
Start importing Assets/Sprites/Hurt (3).png using Guid(c3c7bc09477a244e2915bec79fa6e4ad) Importer(815301076,1909f56bfc062723c751e8b465ee728b)  -> (artifact id: '3828468c7ca7e342159bcea2bda41ead') in 0.016401 seconds 
  Import took 0.023618 seconds .

========================================================================
Received Import Request.
  Time since last request: 0.000432 seconds.
  path: Assets/Sprites/Fall (2).png
  artifactKey: Guid(186253a2f2c0b4a1693ca78209c56df3) Importer(815301076,1909f56bfc062723c751e8b465ee728b)
Start importing Assets/Sprites/Fall (2).png using Guid(186253a2f2c0b4a1693ca78209c56df3) Importer(815301076,1909f56bfc062723c751e8b465ee728b)  -> (artifact id: '58b4b22a539a64f9d8368573ce75a2da') in 0.031142 seconds 
  Import took 0.038929 seconds .

========================================================================
Received Import Request.
  Time since last request: 0.000352 seconds.
  path: Assets/Sprites/Hurt (1).png
  artifactKey: Guid(3a46b31a3fd3743108a1902a0b87dbf6) Importer(815301076,1909f56bfc062723c751e8b465ee728b)
Start importing Assets/Sprites/Hurt (1).png using Guid(3a46b31a3fd3743108a1902a0b87dbf6) Importer(815301076,1909f56bfc062723c751e8b465ee728b)  -> (artifact id: 'fb28c2f74c0bcec99055bdeda7a65652') in 0.018086 seconds 
  Import took 0.023708 seconds .

========================================================================
Received Import Request.
  Time since last request: 0.000307 seconds.
  path: Assets/Sprites/Fall (3).png
  artifactKey: Guid(6cc1de97f5b9042488145854159626f7) Importer(815301076,1909f56bfc062723c751e8b465ee728b)
Start importing Assets/Sprites/Fall (3).png using Guid(6cc1de97f5b9042488145854159626f7) Importer(815301076,1909f56bfc062723c751e8b465ee728b)  -> (artifact id: 'f95c456c15c63c07f02a59cd0400ea4c') in 0.022736 seconds 
  Import took 0.027809 seconds .

========================================================================
Received Import Request.
  Time since last request: 0.000491 seconds.
  path: Assets/Sprites/Hurt (9).png
  artifactKey: Guid(1635548fdcfff4af897e2098d153ca35) Importer(815301076,1909f56bfc062723c751e8b465ee728b)
Start importing Assets/Sprites/Hurt (9).png using Guid(1635548fdcfff4af897e2098d153ca35) Importer(815301076,1909f56bfc062723c751e8b465ee728b)  -> (artifact id: '453d7b1ad92e723cb302eefa515b7c6a') in 0.034525 seconds 
  Import took 0.046582 seconds .

========================================================================
Received Import Request.
  Time since last request: 0.000463 seconds.
  path: Assets/Sprites/Hurt (6).png
  artifactKey: Guid(ee756e0b017874a9d9b484d61b44175b) Importer(815301076,1909f56bfc062723c751e8b465ee728b)
Start importing Assets/Sprites/Hurt (6).png using Guid(ee756e0b017874a9d9b484d61b44175b) Importer(815301076,1909f56bfc062723c751e8b465ee728b)  -> (artifact id: 'dcb22b49fea0cd33bcca86235511aa24') in 0.021564 seconds 
  Import took 0.033502 seconds .

========================================================================
Received Import Request.
  Time since last request: 0.000549 seconds.
  path: Assets/Sprites/Fall (7).png
  artifactKey: Guid(42e2db4d67aad4c43aa47127d4868297) Importer(815301076,1909f56bfc062723c751e8b465ee728b)
Start importing Assets/Sprites/Fall (7).png using Guid(42e2db4d67aad4c43aa47127d4868297) Importer(815301076,1909f56bfc062723c751e8b465ee728b)  -> (artifact id: '1be9c3e137234b3165a300855ee647be') in 0.021929 seconds 
  Import took 0.030697 seconds .

========================================================================
Received Import Request.
  Time since last request: 0.001656 seconds.
  path: Assets/Sprites/Idle (4).png
  artifactKey: Guid(e92c1f366ebc6438899d764ea2c88f7d) Importer(815301076,1909f56bfc062723c751e8b465ee728b)
Start importing Assets/Sprites/Idle (4).png using Guid(e92c1f366ebc6438899d764ea2c88f7d) Importer(815301076,1909f56bfc062723c751e8b465ee728b)  -> (artifact id: 'de42a787a7fd7f7ab7f7797f4b77fc14') in 0.039924 seconds 
  Import took 0.050156 seconds .

========================================================================
Received Import Request.
  Time since last request: 0.001878 seconds.
  path: Assets/Sprites/Dead (4).png
  artifactKey: Guid(470dcee64980f45b6a04e353977d3925) Importer(815301076,1909f56bfc062723c751e8b465ee728b)
Start importing Assets/Sprites/Dead (4).png using Guid(470dcee64980f45b6a04e353977d3925) Importer(815301076,1909f56bfc062723c751e8b465ee728b)  -> (artifact id: '3d46148460036ba8ba7ccb6f64595a1a') in 0.021097 seconds 
  Import took 0.028046 seconds .

========================================================================
Received Import Request.
  Time since last request: 0.000365 seconds.
  path: Assets/Sprites/Fall (8).png
  artifactKey: Guid(34bfc564dc8ab4d989051f983d9662ad) Importer(815301076,1909f56bfc062723c751e8b465ee728b)
Start importing Assets/Sprites/Fall (8).png using Guid(34bfc564dc8ab4d989051f983d9662ad) Importer(815301076,1909f56bfc062723c751e8b465ee728b)  -> (artifact id: '187626fa9735661061788dad5440dbb4') in 0.021117 seconds 
  Import took 0.027369 seconds .

========================================================================
Received Import Request.
  Time since last request: 0.000382 seconds.
  path: Assets/Sprites/Dead (9).png
  artifactKey: Guid(e4237dcf3ac774d2c988b68f9b563533) Importer(815301076,1909f56bfc062723c751e8b465ee728b)
Start importing Assets/Sprites/Dead (9).png using Guid(e4237dcf3ac774d2c988b68f9b563533) Importer(815301076,1909f56bfc062723c751e8b465ee728b)  -> (artifact id: '018e0a0f000b6e65c0f3b3dabff643e5') in 0.028534 seconds 
  Import took 0.036614 seconds .

========================================================================
Received Import Request.
  Time since last request: 0.349261 seconds.
  path: Assets/Sprites/Idle (6).png
  artifactKey: Guid(da143e96f38704d718658c26183515c1) Importer(815301076,1909f56bfc062723c751e8b465ee728b)
Start importing Assets/Sprites/Idle (6).png using Guid(da143e96f38704d718658c26183515c1) Importer(815301076,1909f56bfc062723c751e8b465ee728b)  -> (artifact id: '9d19e4969ab2cc1407606dfbc21ee991') in 0.020612 seconds 
  Import took 0.027517 seconds .

========================================================================
Received Import Request.
  Time since last request: 0.000291 seconds.
  path: Assets/Sprites/Idle (10).png
  artifactKey: Guid(cc839337bb49a4e099fbb90a8cfa46df) Importer(815301076,1909f56bfc062723c751e8b465ee728b)
Start importing Assets/Sprites/Idle (10).png using Guid(cc839337bb49a4e099fbb90a8cfa46df) Importer(815301076,1909f56bfc062723c751e8b465ee728b)  -> (artifact id: '945591c2223c0da8fd7e5a813e26c7a4') in 0.016741 seconds 
  Import took 0.021418 seconds .

========================================================================
Received Import Request.
  Time since last request: 0.000284 seconds.
  path: Assets/Sprites/Idle (8).png
  artifactKey: Guid(54fceb11280f64b6fa1ca9a634451c3b) Importer(815301076,1909f56bfc062723c751e8b465ee728b)
Start importing Assets/Sprites/Idle (8).png using Guid(54fceb11280f64b6fa1ca9a634451c3b) Importer(815301076,1909f56bfc062723c751e8b465ee728b)  -> (artifact id: 'f1c757b9d710b10ee18e73394525faee') in 0.014373 seconds 
  Import took 0.020325 seconds .

========================================================================
Received Import Request.
  Time since last request: 0.000293 seconds.
  path: Assets/Sprites/Idle (7).png
  artifactKey: Guid(612db90ac344c418288bb50ce8202fb8) Importer(815301076,1909f56bfc062723c751e8b465ee728b)
Start importing Assets/Sprites/Idle (7).png using Guid(612db90ac344c418288bb50ce8202fb8) Importer(815301076,1909f56bfc062723c751e8b465ee728b)  -> (artifact id: 'a40c1ddd6757cd9f39fba3646f705688') in 0.014879 seconds 
  Import took 0.020625 seconds .

========================================================================
Received Import Request.
  Time since last request: 0.000398 seconds.
  path: Assets/Sprites/Jump (3).png
  artifactKey: Guid(7376533f06cd54c7889fa3a3647645d4) Importer(815301076,1909f56bfc062723c751e8b465ee728b)
Start importing Assets/Sprites/Jump (3).png using Guid(7376533f06cd54c7889fa3a3647645d4) Importer(815301076,1909f56bfc062723c751e8b465ee728b)  -> (artifact id: 'cc824ec69975c17bfec2b18076779594') in 0.037635 seconds 
  Import took 0.045296 seconds .

========================================================================
Received Import Request.
  Time since last request: 0.000413 seconds.
  path: Assets/Sprites/Jump (8).png
  artifactKey: Guid(b4a5ad6f5b8414b089cefb36b1a3c42f) Importer(815301076,1909f56bfc062723c751e8b465ee728b)
Start importing Assets/Sprites/Jump (8).png using Guid(b4a5ad6f5b8414b089cefb36b1a3c42f) Importer(815301076,1909f56bfc062723c751e8b465ee728b)  -> (artifact id: '7a5ab23b42ce87be4cac64fbce79248d') in 0.016526 seconds 
  Import took 0.024044 seconds .

========================================================================
Received Import Request.
  Time since last request: 0.000404 seconds.
  path: Assets/Sprites/Slide (10).png
  artifactKey: Guid(22ea06d7383654ec7bfd951bce6793d8) Importer(815301076,1909f56bfc062723c751e8b465ee728b)
Start importing Assets/Sprites/Slide (10).png using Guid(22ea06d7383654ec7bfd951bce6793d8) Importer(815301076,1909f56bfc062723c751e8b465ee728b)  -> (artifact id: '0655dacaef133581ff70386ae0b00124') in 0.018778 seconds 
  Import took 0.023648 seconds .

========================================================================
Received Import Request.
  Time since last request: 0.000268 seconds.
  path: Assets/Sprites/Slide (8).png
  artifactKey: Guid(482c9ec81f6ae45a7bb284f8f212e03f) Importer(815301076,1909f56bfc062723c751e8b465ee728b)
Start importing Assets/Sprites/Slide (8).png using Guid(482c9ec81f6ae45a7bb284f8f212e03f) Importer(815301076,1909f56bfc062723c751e8b465ee728b)  -> (artifact id: '8fe3395756fab2863e59e80c3e587c13') in 0.023325 seconds 
  Import took 0.028192 seconds .

========================================================================
Received Import Request.
  Time since last request: 0.000419 seconds.
  path: Assets/Sprites/Slide (2).png
  artifactKey: Guid(7fb87a9f00bab47ccb33f32dbd5987c1) Importer(815301076,1909f56bfc062723c751e8b465ee728b)
Start importing Assets/Sprites/Slide (2).png using Guid(7fb87a9f00bab47ccb33f32dbd5987c1) Importer(815301076,1909f56bfc062723c751e8b465ee728b)  -> (artifact id: '8f3f66133080d83b500d1ae52e8b0a76') in 0.028771 seconds 
  Import took 0.035635 seconds .

========================================================================
Received Import Request.
  Time since last request: 0.000460 seconds.
  path: Assets/Sprites/Slide (5).png
  artifactKey: Guid(4818b19a50e484215885e39c1c722d1a) Importer(815301076,1909f56bfc062723c751e8b465ee728b)
Start importing Assets/Sprites/Slide (5).png using Guid(4818b19a50e484215885e39c1c722d1a) Importer(815301076,1909f56bfc062723c751e8b465ee728b)  -> (artifact id: '24f9306677ff8bc9b8f768fd3913fe42') in 0.019369 seconds 
  Import took 0.025612 seconds .

========================================================================
Received Import Request.
  Time since last request: 0.000434 seconds.
  path: Assets/Sprites/Slide (9).png
  artifactKey: Guid(82abccb5b4b084a4685e57c4860a4da9) Importer(815301076,1909f56bfc062723c751e8b465ee728b)
Start importing Assets/Sprites/Slide (9).png using Guid(82abccb5b4b084a4685e57c4860a4da9) Importer(815301076,1909f56bfc062723c751e8b465ee728b)  -> (artifact id: '3ce090c28170bda5204c017c3e0f0cea') in 0.015747 seconds 
  Import took 0.021624 seconds .

========================================================================
Received Import Request.
  Time since last request: 0.000388 seconds.
  path: Assets/Sprites/Slide (7).png
  artifactKey: Guid(7a7e93bd4416d430db50954b19576596) Importer(815301076,1909f56bfc062723c751e8b465ee728b)
Start importing Assets/Sprites/Slide (7).png using Guid(7a7e93bd4416d430db50954b19576596) Importer(815301076,1909f56bfc062723c751e8b465ee728b)  -> (artifact id: 'ee6d5b87fa88facbc89e42377f1c1976') in 0.037718 seconds 
  Import took 0.046536 seconds .

========================================================================
Received Import Request.
  Time since last request: 0.000430 seconds.
  path: Assets/Sprites/Walk (3).png
  artifactKey: Guid(0b76e9a82bb374a34a8f13f4c1338247) Importer(815301076,1909f56bfc062723c751e8b465ee728b)
Start importing Assets/Sprites/Walk (3).png using Guid(0b76e9a82bb374a34a8f13f4c1338247) Importer(815301076,1909f56bfc062723c751e8b465ee728b)  -> (artifact id: 'bcb748fa0fedde4573b3ba77ebfff584') in 0.019907 seconds 
  Import took 0.026304 seconds .

========================================================================
Received Import Request.
  Time since last request: 0.000360 seconds.
  path: Assets/Sprites/Slide (1).png
  artifactKey: Guid(0b816124514324c219be5abd44f909a7) Importer(815301076,1909f56bfc062723c751e8b465ee728b)
Start importing Assets/Sprites/Slide (1).png using Guid(0b816124514324c219be5abd44f909a7) Importer(815301076,1909f56bfc062723c751e8b465ee728b)  -> (artifact id: '8bc4526e1fc2f5543acc7811cce12234') in 0.017657 seconds 
  Import took 0.023186 seconds .

========================================================================
Received Import Request.
  Time since last request: 0.000265 seconds.
  path: Assets/Sprites/Jump (5).png
  artifactKey: Guid(b2bee7ad0ca0b4b3ba531a1903a7f1f1) Importer(815301076,1909f56bfc062723c751e8b465ee728b)
Start importing Assets/Sprites/Jump (5).png using Guid(b2bee7ad0ca0b4b3ba531a1903a7f1f1) Importer(815301076,1909f56bfc062723c751e8b465ee728b)  -> (artifact id: '6f4bb1b3109970505acdcc4aa3fe59a4') in 0.026930 seconds 
  Import took 0.032945 seconds .

========================================================================
Received Import Request.
  Time since last request: 0.000499 seconds.
  path: Assets/Sprites/Jump (6).png
  artifactKey: Guid(fe1f8a9ed06834b87ab38f411c340c59) Importer(815301076,1909f56bfc062723c751e8b465ee728b)
Start importing Assets/Sprites/Jump (6).png using Guid(fe1f8a9ed06834b87ab38f411c340c59) Importer(815301076,1909f56bfc062723c751e8b465ee728b)  -> (artifact id: 'dd2b8126edabf4ec0fa93d3084e2d515') in 0.026025 seconds 
  Import took 0.032414 seconds .

========================================================================
Received Import Request.
  Time since last request: 0.000328 seconds.
  path: Assets/Sprites/Walk (2).png
  artifactKey: Guid(25d9b793da68744f8bfb8d52cdaa2622) Importer(815301076,1909f56bfc062723c751e8b465ee728b)
Start importing Assets/Sprites/Walk (2).png using Guid(25d9b793da68744f8bfb8d52cdaa2622) Importer(815301076,1909f56bfc062723c751e8b465ee728b)  -> (artifact id: '047506680bd8b1800531744931f58e1a') in 0.018769 seconds 
  Import took 0.024057 seconds .

========================================================================
Received Import Request.
  Time since last request: 0.000291 seconds.
  path: Assets/Sprites/Walk (6).png
  artifactKey: Guid(51bd319626c6742e0afd09391037a922) Importer(815301076,1909f56bfc062723c751e8b465ee728b)
Start importing Assets/Sprites/Walk (6).png using Guid(51bd319626c6742e0afd09391037a922) Importer(815301076,1909f56bfc062723c751e8b465ee728b)  -> (artifact id: '1f5cbc88710ae2a1411b1406b984282f') in 0.018031 seconds 
  Import took 0.024449 seconds .

========================================================================
Received Import Request.
  Time since last request: 0.000415 seconds.
  path: Assets/Sprites/Run (8).png
  artifactKey: Guid(b41d668fc82a444b6b85261d917e476f) Importer(815301076,1909f56bfc062723c751e8b465ee728b)
Start importing Assets/Sprites/Run (8).png using Guid(b41d668fc82a444b6b85261d917e476f) Importer(815301076,1909f56bfc062723c751e8b465ee728b)  -> (artifact id: '78dcb57767f81d567396a5ea1a23eca5') in 0.037466 seconds 
  Import took 0.045891 seconds .

========================================================================
Received Import Request.
  Time since last request: 0.000493 seconds.
  path: Assets/Sprites/Walk (8).png
  artifactKey: Guid(610ac4262c7e14bd0b66fa9a0a61b915) Importer(815301076,1909f56bfc062723c751e8b465ee728b)
Start importing Assets/Sprites/Walk (8).png using Guid(610ac4262c7e14bd0b66fa9a0a61b915) Importer(815301076,1909f56bfc062723c751e8b465ee728b)  -> (artifact id: '8afa2b88b2df7e2b6b0f5070de08fda3') in 0.019630 seconds 
  Import took 0.025478 seconds .

========================================================================
Received Import Request.
  Time since last request: 0.000396 seconds.
  path: Assets/Sprites/Run (6).png
  artifactKey: Guid(4911d66d8f83d41c4a0123ad4e89cdbd) Importer(815301076,1909f56bfc062723c751e8b465ee728b)
Start importing Assets/Sprites/Run (6).png using Guid(4911d66d8f83d41c4a0123ad4e89cdbd) Importer(815301076,1909f56bfc062723c751e8b465ee728b)  -> (artifact id: '425d7625fb5f4aa34eef5886942e758e') in 0.024764 seconds 
  Import took 0.030243 seconds .

========================================================================
Received Import Request.
  Time since last request: 0.000523 seconds.
  path: Assets/Sprites/Jump (7).png
  artifactKey: Guid(112eaa62fa133497aa1df2aa92e6075d) Importer(815301076,1909f56bfc062723c751e8b465ee728b)
Start importing Assets/Sprites/Jump (7).png using Guid(112eaa62fa133497aa1df2aa92e6075d) Importer(815301076,1909f56bfc062723c751e8b465ee728b)  -> (artifact id: '2c6fc21d92282a7b74f2e8c451a7a6d1') in 0.021878 seconds 
  Import took 0.029800 seconds .

========================================================================
Received Import Request.
  Time since last request: 0.000505 seconds.
  path: Assets/Sprites/Jump (2).png
  artifactKey: Guid(cd48ae9b4ebe44d96a36a847d5121d15) Importer(815301076,1909f56bfc062723c751e8b465ee728b)
Start importing Assets/Sprites/Jump (2).png using Guid(cd48ae9b4ebe44d96a36a847d5121d15) Importer(815301076,1909f56bfc062723c751e8b465ee728b)  -> (artifact id: '38ff596cf97fc76b985c82325eb3726c') in 0.030459 seconds 
  Import took 0.036431 seconds .

========================================================================
Received Import Request.
  Time since last request: 0.000313 seconds.
  path: Assets/Sprites/Walk (9).png
  artifactKey: Guid(cd1f5fc1350514ee498b5b8575792cc2) Importer(815301076,1909f56bfc062723c751e8b465ee728b)
Start importing Assets/Sprites/Walk (9).png using Guid(cd1f5fc1350514ee498b5b8575792cc2) Importer(815301076,1909f56bfc062723c751e8b465ee728b)  -> (artifact id: 'd33af0ba54b7472f33950aa1ff9a793d') in 0.022938 seconds 
  Import took 0.029789 seconds .

========================================================================
Received Import Request.
  Time since last request: 0.000398 seconds.
  path: Assets/Sprites/Walk (7).png
  artifactKey: Guid(8410004280f624edaa15efde3723e9ae) Importer(815301076,1909f56bfc062723c751e8b465ee728b)
Start importing Assets/Sprites/Walk (7).png using Guid(8410004280f624edaa15efde3723e9ae) Importer(815301076,1909f56bfc062723c751e8b465ee728b)  -> (artifact id: '702131224c4a5465317529f1ebdba36d') in 0.026246 seconds 
  Import took 0.033330 seconds .

========================================================================
Received Import Request.
  Time since last request: 0.000539 seconds.
  path: Assets/Sprites/Run (2).png
  artifactKey: Guid(46f02f7af13bf45b1accba8d0d0f70bf) Importer(815301076,1909f56bfc062723c751e8b465ee728b)
Start importing Assets/Sprites/Run (2).png using Guid(46f02f7af13bf45b1accba8d0d0f70bf) Importer(815301076,1909f56bfc062723c751e8b465ee728b)  -> (artifact id: '4a8d52a6973a13abdeb6486826e27205') in 0.016613 seconds 
  Import took 0.022511 seconds .

========================================================================
Received Import Request.
  Time since last request: 0.000378 seconds.
  path: Assets/Sprites/Run (5).png
  artifactKey: Guid(8f00b54e379c44d419bf1e5a6fdc653d) Importer(815301076,1909f56bfc062723c751e8b465ee728b)
Start importing Assets/Sprites/Run (5).png using Guid(8f00b54e379c44d419bf1e5a6fdc653d) Importer(815301076,1909f56bfc062723c751e8b465ee728b)  -> (artifact id: '5f5e0fb6bf35a13a5c1684bbf7e9bb2e') in 0.016553 seconds 
  Import took 0.023705 seconds .

========================================================================
Received Import Request.
  Time since last request: 0.000319 seconds.
  path: Assets/Sprites/Walk (10).png
  artifactKey: Guid(5e1634a2ec2d543f4961ad5b2c0db595) Importer(815301076,1909f56bfc062723c751e8b465ee728b)
Start importing Assets/Sprites/Walk (10).png using Guid(5e1634a2ec2d543f4961ad5b2c0db595) Importer(815301076,1909f56bfc062723c751e8b465ee728b)  -> (artifact id: 'a5cb6a3a916c61c863c9616454104a8b') in 0.033464 seconds 
  Import took 0.041144 seconds .

========================================================================
Received Import Request.
  Time since last request: 0.000350 seconds.
  path: Assets/Sprites/Run (1).png
  artifactKey: Guid(e3927ef6db4484f58b06f96358bb72c8) Importer(815301076,1909f56bfc062723c751e8b465ee728b)
Start importing Assets/Sprites/Run (1).png using Guid(e3927ef6db4484f58b06f96358bb72c8) Importer(815301076,1909f56bfc062723c751e8b465ee728b)  -> (artifact id: 'e0426ad5981c00db55c51d45f549cfcb') in 0.019841 seconds 
  Import took 0.026843 seconds .

========================================================================
Received Import Request.
  Time since last request: 0.000360 seconds.
  path: Assets/Sprites/Walk (1).png
  artifactKey: Guid(95e76ea5e661846fd8e82cc8b7446031) Importer(815301076,1909f56bfc062723c751e8b465ee728b)
Start importing Assets/Sprites/Walk (1).png using Guid(95e76ea5e661846fd8e82cc8b7446031) Importer(815301076,1909f56bfc062723c751e8b465ee728b)  -> (artifact id: 'b36972bd36c8e089eb4bcf91d6405bc4') in 0.019100 seconds 
  Import took 0.025026 seconds .

========================================================================
Received Import Request.
  Time since last request: 0.000443 seconds.
  path: Assets/Sprites/Run (3).png
  artifactKey: Guid(14e759aec3c614e2788a162cfbc15fdd) Importer(815301076,1909f56bfc062723c751e8b465ee728b)
Start importing Assets/Sprites/Run (3).png using Guid(14e759aec3c614e2788a162cfbc15fdd) Importer(815301076,1909f56bfc062723c751e8b465ee728b)  -> (artifact id: 'a4386cae98ad695743213568744fa795') in 0.027951 seconds 
  Import took 0.035045 seconds .

========================================================================
Received Import Request.
  Time since last request: 0.000485 seconds.
  path: Assets/Sprites/Walk (5).png
  artifactKey: Guid(33ed0562cff424ecb9a119496babfe9b) Importer(815301076,1909f56bfc062723c751e8b465ee728b)
Start importing Assets/Sprites/Walk (5).png using Guid(33ed0562cff424ecb9a119496babfe9b) Importer(815301076,1909f56bfc062723c751e8b465ee728b)  -> (artifact id: '3c8bb0362cddcd8196c525e215aab510') in 0.025735 seconds 
  Import took 0.032377 seconds .

========================================================================
Received Import Request.
  Time since last request: 0.000334 seconds.
  path: Assets/Sprites/Idle (9).png
  artifactKey: Guid(7bb665dfe68424fc6b69607f19f7ae7a) Importer(815301076,1909f56bfc062723c751e8b465ee728b)
Start importing Assets/Sprites/Idle (9).png using Guid(7bb665dfe68424fc6b69607f19f7ae7a) Importer(815301076,1909f56bfc062723c751e8b465ee728b)  -> (artifact id: '08c4eb062c28c46e6d5c9e5c916df3f4') in 0.021314 seconds 
  Import took 0.025835 seconds .

========================================================================
Received Import Request.
  Time since last request: 0.000301 seconds.
  path: Assets/Sprites/Jump (1).png
  artifactKey: Guid(ef07433c6e3164311be1c7084803f27d) Importer(815301076,1909f56bfc062723c751e8b465ee728b)
Start importing Assets/Sprites/Jump (1).png using Guid(ef07433c6e3164311be1c7084803f27d) Importer(815301076,1909f56bfc062723c751e8b465ee728b)  -> (artifact id: 'ebf58b488ad25c84cceaa8f34af197ae') in 0.018520 seconds 
  Import took 0.025081 seconds .

========================================================================
Received Import Request.
  Time since last request: 0.000409 seconds.
  path: Assets/Sprites/Slide (3).png
  artifactKey: Guid(1eed2b92b85454740b8f355af3224d0c) Importer(815301076,1909f56bfc062723c751e8b465ee728b)
Start importing Assets/Sprites/Slide (3).png using Guid(1eed2b92b85454740b8f355af3224d0c) Importer(815301076,1909f56bfc062723c751e8b465ee728b)  -> (artifact id: '79081af751173157f97198079727630a') in 0.034592 seconds 
  Import took 0.042846 seconds .

========================================================================
Received Import Request.
  Time since last request: 0.000414 seconds.
  path: Assets/Sprites/Slide (4).png
  artifactKey: Guid(5d96b80abccd743f1b222dd761c37256) Importer(815301076,1909f56bfc062723c751e8b465ee728b)
Start importing Assets/Sprites/Slide (4).png using Guid(5d96b80abccd743f1b222dd761c37256) Importer(815301076,1909f56bfc062723c751e8b465ee728b)  -> (artifact id: 'a7d667d4077bcc6586b6c7313ac48414') in 0.022004 seconds 
  Import took 0.027605 seconds .

========================================================================
Received Import Request.
  Time since last request: 0.000381 seconds.
  path: Assets/Sprites/Walk (4).png
  artifactKey: Guid(a3bcac967151c4ae684db5cf05bfff08) Importer(815301076,1909f56bfc062723c751e8b465ee728b)
Start importing Assets/Sprites/Walk (4).png using Guid(a3bcac967151c4ae684db5cf05bfff08) Importer(815301076,1909f56bfc062723c751e8b465ee728b)  -> (artifact id: 'd79cfcba0dc9f66353c50e08f888cc3c') in 0.016478 seconds 
  Import took 0.023095 seconds .

========================================================================
Received Import Request.
  Time since last request: 0.000334 seconds.
  path: Assets/Sprites/Jump (4).png
  artifactKey: Guid(078e5122d108041888f532378bdb6bfe) Importer(815301076,1909f56bfc062723c751e8b465ee728b)
Start importing Assets/Sprites/Jump (4).png using Guid(078e5122d108041888f532378bdb6bfe) Importer(815301076,1909f56bfc062723c751e8b465ee728b)  -> (artifact id: 'e68de6402b0b348aceff2d703d831fa3') in 0.030975 seconds 
  Import took 0.041025 seconds .

========================================================================
Received Import Request.
  Time since last request: 0.001141 seconds.
  path: Assets/Sprites/Run (4).png
  artifactKey: Guid(402a0a48e2d164cac96b95d5587ab835) Importer(815301076,1909f56bfc062723c751e8b465ee728b)
Start importing Assets/Sprites/Run (4).png using Guid(402a0a48e2d164cac96b95d5587ab835) Importer(815301076,1909f56bfc062723c751e8b465ee728b)  -> (artifact id: '9e2b7d48078888127516b11d67c1f760') in 0.022435 seconds 
  Import took 0.031875 seconds .

========================================================================
Received Import Request.
  Time since last request: 0.001485 seconds.
  path: Assets/Sprites/Run (7).png
  artifactKey: Guid(f53e8b95d185c4df2a668937fce1a63d) Importer(815301076,1909f56bfc062723c751e8b465ee728b)
Start importing Assets/Sprites/Run (7).png using Guid(f53e8b95d185c4df2a668937fce1a63d) Importer(815301076,1909f56bfc062723c751e8b465ee728b)  -> (artifact id: 'feed2fcf4f76a82c9ca173ce209d6918') in 0.024054 seconds 
  Import took 0.031272 seconds .

========================================================================
Received Import Request.
  Time since last request: 0.000375 seconds.
  path: Assets/Sprites/Slide (6).png
  artifactKey: Guid(f908629088b214937b2783f811b520ef) Importer(815301076,1909f56bfc062723c751e8b465ee728b)
Start importing Assets/Sprites/Slide (6).png using Guid(f908629088b214937b2783f811b520ef) Importer(815301076,1909f56bfc062723c751e8b465ee728b)  -> (artifact id: 'c3c8e9fc50622ad9459e3ec2cd7de8f7') in 0.028133 seconds 
  Import took 0.036586 seconds .

========================================================================
Received Prepare
Registering precompiled user dll's ...
Registered in 0.012510 seconds.
Begin MonoManager ReloadAssembly
Native extension for WindowsStandalone target not found
Native extension for OSXStandalone target not found
Refreshing native plugins compatible for Editor in 0.55 ms, found 3 plugins.
Preloading 0 native plugins for Editor in 0.00 ms.
Mono: successfully reloaded assembly
- Completed reload, in  2.003 seconds
Domain Reload Profiling:
	ReloadAssembly (2004ms)
		BeginReloadAssembly (320ms)
			ExecutionOrderSort (0ms)
			DisableScriptedObjects (11ms)
			BackupInstance (0ms)
			ReleaseScriptingObjects (0ms)
			CreateAndSetChildDomain (167ms)
		EndReloadAssembly (1557ms)
			LoadAssemblies (231ms)
			RebuildTransferFunctionScriptingTraits (0ms)
			SetupTypeCache (559ms)
			ReleaseScriptCaches (2ms)
			RebuildScriptCaches (81ms)
			SetupLoadedEditorAssemblies (568ms)
				LogAssemblyErrors (0ms)
				InitializePlatformSupportModulesInManaged (7ms)
				SetLoadedEditorAssemblies (1ms)
				RefreshPlugins (1ms)
				BeforeProcessingInitializeOnLoad (81ms)
				ProcessInitializeOnLoadAttributes (468ms)
				ProcessInitializeOnLoadMethodAttributes (9ms)
				AfterProcessingInitializeOnLoad (2ms)
				EditorAssembliesLoaded (0ms)
			ExecutionOrderSort2 (0ms)
			AwakeInstancesAfterBackupRestoration (18ms)
Platform modules already initialized, skipping
Refreshing native plugins compatible for Editor in 0.69 ms, found 3 plugins.
Preloading 0 native plugins for Editor in 0.00 ms.
Unloading 2082 Unused Serialized files (Serialized files now loaded: 0)
System memory in use before: 184.3 MB.
System memory in use after: 184.5 MB.

Unloading 16 unused Assets to reduce memory usage. Loaded Objects now: 2549.
Total: 5.021499 ms (FindLiveObjects: 0.291803 ms CreateObjectMapping: 0.122103 ms MarkObjects: 4.563613 ms  DeleteObjects: 0.042430 ms)

AssetImportParameters requested are different than current active one (requested -> active):
  custom:video-decoder-ogg-theora: a1e56fd34408186e4bbccfd4996cb3dc -> 
  custom:container-muxer-webm: aa71ff27fc2769a1b78a27578f13a17b -> 
  custom:container-demuxer-webm: 4f35f7cbe854078d1ac9338744f61a02 -> 
  custom:container-demuxer-ogg: 62fdf1f143b41e24485cea50d1cbac27 -> 
  custom:video-encoder-webm-vp8: eb34c28f22e8b96e1ab97ce403110664 -> 
  custom:framework-osx-AVFoundation: e770b220cccbd017edd2c1fefb359320 -> 
  custom:video-decoder-webm-vp8: 9c59270c3fd7afecdb556c50c9e8de78 -> 
  custom:audio-decoder-ogg-vorbis: bf7c407c2cedff20999df2af8eb42d56 -> 
  custom:audio-encoder-webm-vorbis: bf7c407c2cedff20999df2af8eb42d56 -> 
========================================================================
Received Prepare
Registering precompiled user dll's ...
Registered in 0.004139 seconds.
Begin MonoManager ReloadAssembly
Native extension for WindowsStandalone target not found
Native extension for OSXStandalone target not found
Refreshing native plugins compatible for Editor in 0.55 ms, found 3 plugins.
Preloading 0 native plugins for Editor in 0.00 ms.
Mono: successfully reloaded assembly
- Completed reload, in  1.725 seconds
Domain Reload Profiling:
	ReloadAssembly (1725ms)
		BeginReloadAssembly (194ms)
			ExecutionOrderSort (0ms)
			DisableScriptedObjects (13ms)
			BackupInstance (0ms)
			ReleaseScriptingObjects (0ms)
			CreateAndSetChildDomain (103ms)
		EndReloadAssembly (1446ms)
			LoadAssemblies (101ms)
			RebuildTransferFunctionScriptingTraits (0ms)
			SetupTypeCache (470ms)
			ReleaseScriptCaches (1ms)
			RebuildScriptCaches (96ms)
			SetupLoadedEditorAssemblies (589ms)
				LogAssemblyErrors (0ms)
				InitializePlatformSupportModulesInManaged (7ms)
				SetLoadedEditorAssemblies (1ms)
				RefreshPlugins (1ms)
				BeforeProcessingInitializeOnLoad (64ms)
				ProcessInitializeOnLoadAttributes (506ms)
				ProcessInitializeOnLoadMethodAttributes (9ms)
				AfterProcessingInitializeOnLoad (2ms)
				EditorAssembliesLoaded (0ms)
			ExecutionOrderSort2 (0ms)
			AwakeInstancesAfterBackupRestoration (16ms)
Platform modules already initialized, skipping
Refreshing native plugins compatible for Editor in 0.85 ms, found 3 plugins.
Preloading 0 native plugins for Editor in 0.00 ms.
Unloading 2082 Unused Serialized files (Serialized files now loaded: 0)
System memory in use before: 184.6 MB.
System memory in use after: 184.7 MB.

Unloading 16 unused Assets to reduce memory usage. Loaded Objects now: 2552.
Total: 4.295254 ms (FindLiveObjects: 0.244316 ms CreateObjectMapping: 0.098103 ms MarkObjects: 3.927495 ms  DeleteObjects: 0.024019 ms)

AssetImportParameters requested are different than current active one (requested -> active):
  custom:video-decoder-ogg-theora: a1e56fd34408186e4bbccfd4996cb3dc -> 
  custom:container-muxer-webm: aa71ff27fc2769a1b78a27578f13a17b -> 
  custom:container-demuxer-webm: 4f35f7cbe854078d1ac9338744f61a02 -> 
  custom:container-demuxer-ogg: 62fdf1f143b41e24485cea50d1cbac27 -> 
  custom:video-encoder-webm-vp8: eb34c28f22e8b96e1ab97ce403110664 -> 
  custom:framework-osx-AVFoundation: e770b220cccbd017edd2c1fefb359320 -> 
  custom:video-decoder-webm-vp8: 9c59270c3fd7afecdb556c50c9e8de78 -> 
  custom:audio-decoder-ogg-vorbis: bf7c407c2cedff20999df2af8eb42d56 -> 
  custom:audio-encoder-webm-vorbis: bf7c407c2cedff20999df2af8eb42d56 -> 
========================================================================
Received Prepare
Registering precompiled user dll's ...
Registered in 0.007873 seconds.
Begin MonoManager ReloadAssembly
Native extension for WindowsStandalone target not found
Native extension for OSXStandalone target not found
Refreshing native plugins compatible for Editor in 0.64 ms, found 3 plugins.
Preloading 0 native plugins for Editor in 0.00 ms.
Mono: successfully reloaded assembly
- Completed reload, in  1.525 seconds
Domain Reload Profiling:
	ReloadAssembly (1525ms)
		BeginReloadAssembly (168ms)
			ExecutionOrderSort (0ms)
			DisableScriptedObjects (9ms)
			BackupInstance (0ms)
			ReleaseScriptingObjects (0ms)
			CreateAndSetChildDomain (92ms)
		EndReloadAssembly (1274ms)
			LoadAssemblies (89ms)
			RebuildTransferFunctionScriptingTraits (0ms)
			SetupTypeCache (431ms)
			ReleaseScriptCaches (1ms)
			RebuildScriptCaches (72ms)
			SetupLoadedEditorAssemblies (515ms)
				LogAssemblyErrors (0ms)
				InitializePlatformSupportModulesInManaged (6ms)
				SetLoadedEditorAssemblies (1ms)
				RefreshPlugins (1ms)
				BeforeProcessingInitializeOnLoad (63ms)
				ProcessInitializeOnLoadAttributes (434ms)
				ProcessInitializeOnLoadMethodAttributes (8ms)
				AfterProcessingInitializeOnLoad (2ms)
				EditorAssembliesLoaded (0ms)
			ExecutionOrderSort2 (0ms)
			AwakeInstancesAfterBackupRestoration (15ms)
Platform modules already initialized, skipping
Refreshing native plugins compatible for Editor in 0.76 ms, found 3 plugins.
Preloading 0 native plugins for Editor in 0.00 ms.
Unloading 2082 Unused Serialized files (Serialized files now loaded: 0)
System memory in use before: 184.8 MB.
System memory in use after: 184.9 MB.

Unloading 16 unused Assets to reduce memory usage. Loaded Objects now: 2555.
Total: 5.630960 ms (FindLiveObjects: 0.509763 ms CreateObjectMapping: 0.267341 ms MarkObjects: 4.821620 ms  DeleteObjects: 0.029237 ms)

AssetImportParameters requested are different than current active one (requested -> active):
  custom:video-decoder-ogg-theora: a1e56fd34408186e4bbccfd4996cb3dc -> 
  custom:container-muxer-webm: aa71ff27fc2769a1b78a27578f13a17b -> 
  custom:container-demuxer-webm: 4f35f7cbe854078d1ac9338744f61a02 -> 
  custom:container-demuxer-ogg: 62fdf1f143b41e24485cea50d1cbac27 -> 
  custom:video-encoder-webm-vp8: eb34c28f22e8b96e1ab97ce403110664 -> 
  custom:framework-osx-AVFoundation: e770b220cccbd017edd2c1fefb359320 -> 
  custom:video-decoder-webm-vp8: 9c59270c3fd7afecdb556c50c9e8de78 -> 
  custom:audio-decoder-ogg-vorbis: bf7c407c2cedff20999df2af8eb42d56 -> 
  custom:audio-encoder-webm-vorbis: bf7c407c2cedff20999df2af8eb42d56 -> 
========================================================================
Received Import Request.
  Time since last request: 234.500999 seconds.
  path: Assets/Scripts/CatController.cs
  artifactKey: Guid(0ce3da85b7623430da86f280461f7ead) Importer(815301076,1909f56bfc062723c751e8b465ee728b)
Start importing Assets/Scripts/CatController.cs using Guid(0ce3da85b7623430da86f280461f7ead) Importer(815301076,1909f56bfc062723c751e8b465ee728b)  -> (artifact id: '618a42537ebd9a31dd90458de356709e') in 0.011569 seconds 
  Import took 0.016743 seconds .

========================================================================
Received Import Request.
  Time since last request: 299.757603 seconds.
  path: Assets/Animations/Idle (1).controller
  artifactKey: Guid(95377420f5a6d4548894793619503493) Importer(815301076,1909f56bfc062723c751e8b465ee728b)
Start importing Assets/Animations/Idle (1).controller using Guid(95377420f5a6d4548894793619503493) Importer(815301076,1909f56bfc062723c751e8b465ee728b)  -> (artifact id: 'c92aa78c31850fbf1fa3efe2a6185ec1') in 2.385796 seconds 
  Import took 2.392571 seconds .

========================================================================
Received Prepare
Registering precompiled user dll's ...
Registered in 0.006907 seconds.
Begin MonoManager ReloadAssembly
Native extension for WindowsStandalone target not found
Native extension for OSXStandalone target not found
Refreshing native plugins compatible for Editor in 0.54 ms, found 3 plugins.
Preloading 0 native plugins for Editor in 0.00 ms.
Mono: successfully reloaded assembly
- Completed reload, in  1.504 seconds
Domain Reload Profiling:
	ReloadAssembly (1505ms)
		BeginReloadAssembly (173ms)
			ExecutionOrderSort (0ms)
			DisableScriptedObjects (10ms)
			BackupInstance (0ms)
			ReleaseScriptingObjects (0ms)
			CreateAndSetChildDomain (93ms)
		EndReloadAssembly (1249ms)
			LoadAssemblies (92ms)
			RebuildTransferFunctionScriptingTraits (0ms)
			SetupTypeCache (437ms)
			ReleaseScriptCaches (1ms)
			RebuildScriptCaches (78ms)
			SetupLoadedEditorAssemblies (481ms)
				LogAssemblyErrors (0ms)
				InitializePlatformSupportModulesInManaged (7ms)
				SetLoadedEditorAssemblies (1ms)
				RefreshPlugins (1ms)
				BeforeProcessingInitializeOnLoad (65ms)
				ProcessInitializeOnLoadAttributes (398ms)
				ProcessInitializeOnLoadMethodAttributes (9ms)
				AfterProcessingInitializeOnLoad (2ms)
				EditorAssembliesLoaded (0ms)
			ExecutionOrderSort2 (0ms)
			AwakeInstancesAfterBackupRestoration (16ms)
Platform modules already initialized, skipping
Refreshing native plugins compatible for Editor in 0.64 ms, found 3 plugins.
Preloading 0 native plugins for Editor in 0.00 ms.
Unloading 2082 Unused Serialized files (Serialized files now loaded: 0)
System memory in use before: 189.4 MB.
System memory in use after: 189.5 MB.

Unloading 16 unused Assets to reduce memory usage. Loaded Objects now: 2558.
Total: 5.134183 ms (FindLiveObjects: 0.325666 ms CreateObjectMapping: 0.122539 ms MarkObjects: 4.653796 ms  DeleteObjects: 0.030586 ms)

AssetImportParameters requested are different than current active one (requested -> active):
  custom:video-decoder-ogg-theora: a1e56fd34408186e4bbccfd4996cb3dc -> 
  custom:container-muxer-webm: aa71ff27fc2769a1b78a27578f13a17b -> 
  custom:container-demuxer-webm: 4f35f7cbe854078d1ac9338744f61a02 -> 
  custom:container-demuxer-ogg: 62fdf1f143b41e24485cea50d1cbac27 -> 
  custom:video-encoder-webm-vp8: eb34c28f22e8b96e1ab97ce403110664 -> 
  custom:framework-osx-AVFoundation: e770b220cccbd017edd2c1fefb359320 -> 
  custom:video-decoder-webm-vp8: 9c59270c3fd7afecdb556c50c9e8de78 -> 
  custom:audio-decoder-ogg-vorbis: bf7c407c2cedff20999df2af8eb42d56 -> 
  custom:audio-encoder-webm-vorbis: bf7c407c2cedff20999df2af8eb42d56 -> 
========================================================================
Received Prepare
Registering precompiled user dll's ...
Registered in 0.008887 seconds.
Begin MonoManager ReloadAssembly
Native extension for WindowsStandalone target not found
Native extension for OSXStandalone target not found
Refreshing native plugins compatible for Editor in 0.49 ms, found 3 plugins.
Preloading 0 native plugins for Editor in 0.00 ms.
Mono: successfully reloaded assembly
- Completed reload, in  1.684 seconds
Domain Reload Profiling:
	ReloadAssembly (1684ms)
		BeginReloadAssembly (199ms)
			ExecutionOrderSort (0ms)
			DisableScriptedObjects (9ms)
			BackupInstance (0ms)
			ReleaseScriptingObjects (0ms)
			CreateAndSetChildDomain (110ms)
		EndReloadAssembly (1390ms)
			LoadAssemblies (108ms)
			RebuildTransferFunctionScriptingTraits (0ms)
			SetupTypeCache (481ms)
			ReleaseScriptCaches (2ms)
			RebuildScriptCaches (78ms)
			SetupLoadedEditorAssemblies (527ms)
				LogAssemblyErrors (0ms)
				InitializePlatformSupportModulesInManaged (7ms)
				SetLoadedEditorAssemblies (1ms)
				RefreshPlugins (1ms)
				BeforeProcessingInitializeOnLoad (70ms)
				ProcessInitializeOnLoadAttributes (436ms)
				ProcessInitializeOnLoadMethodAttributes (10ms)
				AfterProcessingInitializeOnLoad (2ms)
				EditorAssembliesLoaded (0ms)
			ExecutionOrderSort2 (0ms)
			AwakeInstancesAfterBackupRestoration (22ms)
Platform modules already initialized, skipping
Refreshing native plugins compatible for Editor in 0.87 ms, found 3 plugins.
Preloading 0 native plugins for Editor in 0.00 ms.
Unloading 2082 Unused Serialized files (Serialized files now loaded: 0)
System memory in use before: 189.6 MB.
System memory in use after: 189.7 MB.

Unloading 16 unused Assets to reduce memory usage. Loaded Objects now: 2561.
Total: 9.648503 ms (FindLiveObjects: 0.664388 ms CreateObjectMapping: 0.276201 ms MarkObjects: 8.670726 ms  DeleteObjects: 0.035303 ms)

AssetImportParameters requested are different than current active one (requested -> active):
  custom:video-decoder-ogg-theora: a1e56fd34408186e4bbccfd4996cb3dc -> 
  custom:container-muxer-webm: aa71ff27fc2769a1b78a27578f13a17b -> 
  custom:container-demuxer-webm: 4f35f7cbe854078d1ac9338744f61a02 -> 
  custom:container-demuxer-ogg: 62fdf1f143b41e24485cea50d1cbac27 -> 
  custom:video-encoder-webm-vp8: eb34c28f22e8b96e1ab97ce403110664 -> 
  custom:framework-osx-AVFoundation: e770b220cccbd017edd2c1fefb359320 -> 
  custom:video-decoder-webm-vp8: 9c59270c3fd7afecdb556c50c9e8de78 -> 
  custom:audio-decoder-ogg-vorbis: bf7c407c2cedff20999df2af8eb42d56 -> 
  custom:audio-encoder-webm-vorbis: bf7c407c2cedff20999df2af8eb42d56 -> 
========================================================================
Received Prepare
Registering precompiled user dll's ...
Registered in 0.005347 seconds.
Begin MonoManager ReloadAssembly
Native extension for WindowsStandalone target not found
Native extension for OSXStandalone target not found
Refreshing native plugins compatible for Editor in 0.58 ms, found 3 plugins.
Preloading 0 native plugins for Editor in 0.00 ms.
Mono: successfully reloaded assembly
- Completed reload, in  1.613 seconds
Domain Reload Profiling:
	ReloadAssembly (1614ms)
		BeginReloadAssembly (179ms)
			ExecutionOrderSort (0ms)
			DisableScriptedObjects (10ms)
			BackupInstance (0ms)
			ReleaseScriptingObjects (0ms)
			CreateAndSetChildDomain (94ms)
		EndReloadAssembly (1352ms)
			LoadAssemblies (98ms)
			RebuildTransferFunctionScriptingTraits (0ms)
			SetupTypeCache (507ms)
			ReleaseScriptCaches (1ms)
			RebuildScriptCaches (71ms)
			SetupLoadedEditorAssemblies (515ms)
				LogAssemblyErrors (0ms)
				InitializePlatformSupportModulesInManaged (7ms)
				SetLoadedEditorAssemblies (1ms)
				RefreshPlugins (1ms)
				BeforeProcessingInitializeOnLoad (64ms)
				ProcessInitializeOnLoadAttributes (431ms)
				ProcessInitializeOnLoadMethodAttributes (10ms)
				AfterProcessingInitializeOnLoad (2ms)
				EditorAssembliesLoaded (0ms)
			ExecutionOrderSort2 (0ms)
			AwakeInstancesAfterBackupRestoration (17ms)
Platform modules already initialized, skipping
Refreshing native plugins compatible for Editor in 1.29 ms, found 3 plugins.
Preloading 0 native plugins for Editor in 0.00 ms.
Unloading 2082 Unused Serialized files (Serialized files now loaded: 0)
System memory in use before: 189.8 MB.
System memory in use after: 189.9 MB.

Unloading 16 unused Assets to reduce memory usage. Loaded Objects now: 2564.
Total: 8.550449 ms (FindLiveObjects: 0.789421 ms CreateObjectMapping: 0.258309 ms MarkObjects: 7.461922 ms  DeleteObjects: 0.037549 ms)

AssetImportParameters requested are different than current active one (requested -> active):
  custom:video-decoder-ogg-theora: a1e56fd34408186e4bbccfd4996cb3dc -> 
  custom:container-muxer-webm: aa71ff27fc2769a1b78a27578f13a17b -> 
  custom:container-demuxer-webm: 4f35f7cbe854078d1ac9338744f61a02 -> 
  custom:container-demuxer-ogg: 62fdf1f143b41e24485cea50d1cbac27 -> 
  custom:video-encoder-webm-vp8: eb34c28f22e8b96e1ab97ce403110664 -> 
  custom:framework-osx-AVFoundation: e770b220cccbd017edd2c1fefb359320 -> 
  custom:video-decoder-webm-vp8: 9c59270c3fd7afecdb556c50c9e8de78 -> 
  custom:audio-decoder-ogg-vorbis: bf7c407c2cedff20999df2af8eb42d56 -> 
  custom:audio-encoder-webm-vorbis: bf7c407c2cedff20999df2af8eb42d56 -> 
========================================================================
Received Import Request.
  Time since last request: 373.816376 seconds.
  path: Assets/Scripts/CatController.cs
  artifactKey: Guid(0ce3da85b7623430da86f280461f7ead) Importer(815301076,1909f56bfc062723c751e8b465ee728b)
Start importing Assets/Scripts/CatController.cs using Guid(0ce3da85b7623430da86f280461f7ead) Importer(815301076,1909f56bfc062723c751e8b465ee728b)  -> (artifact id: 'c64f2b4560779b723c8b57bc90c49842') in 0.011900 seconds 
  Import took 0.020733 seconds .

========================================================================
Received Prepare
Registering precompiled user dll's ...
Registered in 0.004884 seconds.
Begin MonoManager ReloadAssembly
Native extension for WindowsStandalone target not found
Native extension for OSXStandalone target not found
Refreshing native plugins compatible for Editor in 0.62 ms, found 3 plugins.
Preloading 0 native plugins for Editor in 0.00 ms.
Mono: successfully reloaded assembly
- Completed reload, in  1.701 seconds
Domain Reload Profiling:
	ReloadAssembly (1702ms)
		BeginReloadAssembly (193ms)
			ExecutionOrderSort (0ms)
			DisableScriptedObjects (9ms)
			BackupInstance (0ms)
			ReleaseScriptingObjects (0ms)
			CreateAndSetChildDomain (109ms)
		EndReloadAssembly (1415ms)
			LoadAssemblies (108ms)
			RebuildTransferFunctionScriptingTraits (0ms)
			SetupTypeCache (501ms)
			ReleaseScriptCaches (1ms)
			RebuildScriptCaches (85ms)
			SetupLoadedEditorAssemblies (541ms)
				LogAssemblyErrors (0ms)
				InitializePlatformSupportModulesInManaged (7ms)
				SetLoadedEditorAssemblies (1ms)
				RefreshPlugins (1ms)
				BeforeProcessingInitializeOnLoad (72ms)
				ProcessInitializeOnLoadAttributes (445ms)
				ProcessInitializeOnLoadMethodAttributes (13ms)
				AfterProcessingInitializeOnLoad (2ms)
				EditorAssembliesLoaded (0ms)
			ExecutionOrderSort2 (0ms)
			AwakeInstancesAfterBackupRestoration (20ms)
Platform modules already initialized, skipping
Refreshing native plugins compatible for Editor in 0.54 ms, found 3 plugins.
Preloading 0 native plugins for Editor in 0.00 ms.
Unloading 2082 Unused Serialized files (Serialized files now loaded: 0)
System memory in use before: 190.0 MB.
System memory in use after: 190.1 MB.

Unloading 16 unused Assets to reduce memory usage. Loaded Objects now: 2567.
Total: 4.014426 ms (FindLiveObjects: 0.267426 ms CreateObjectMapping: 0.109470 ms MarkObjects: 3.613957 ms  DeleteObjects: 0.022309 ms)

AssetImportParameters requested are different than current active one (requested -> active):
  custom:video-decoder-ogg-theora: a1e56fd34408186e4bbccfd4996cb3dc -> 
  custom:container-muxer-webm: aa71ff27fc2769a1b78a27578f13a17b -> 
  custom:container-demuxer-webm: 4f35f7cbe854078d1ac9338744f61a02 -> 
  custom:container-demuxer-ogg: 62fdf1f143b41e24485cea50d1cbac27 -> 
  custom:video-encoder-webm-vp8: eb34c28f22e8b96e1ab97ce403110664 -> 
  custom:framework-osx-AVFoundation: e770b220cccbd017edd2c1fefb359320 -> 
  custom:video-decoder-webm-vp8: 9c59270c3fd7afecdb556c50c9e8de78 -> 
  custom:audio-decoder-ogg-vorbis: bf7c407c2cedff20999df2af8eb42d56 -> 
  custom:audio-encoder-webm-vorbis: bf7c407c2cedff20999df2af8eb42d56 -> 
========================================================================
Received Prepare
Registering precompiled user dll's ...
Registered in 0.003005 seconds.
Begin MonoManager ReloadAssembly
Native extension for WindowsStandalone target not found
Native extension for OSXStandalone target not found
Refreshing native plugins compatible for Editor in 0.59 ms, found 3 plugins.
Preloading 0 native plugins for Editor in 0.00 ms.
Mono: successfully reloaded assembly
- Completed reload, in  1.716 seconds
Domain Reload Profiling:
	ReloadAssembly (1717ms)
		BeginReloadAssembly (176ms)
			ExecutionOrderSort (0ms)
			DisableScriptedObjects (10ms)
			BackupInstance (0ms)
			ReleaseScriptingObjects (0ms)
			CreateAndSetChildDomain (95ms)
		EndReloadAssembly (1446ms)
			LoadAssemblies (104ms)
			RebuildTransferFunctionScriptingTraits (0ms)
			SetupTypeCache (487ms)
			ReleaseScriptCaches (2ms)
			RebuildScriptCaches (133ms)
			SetupLoadedEditorAssemblies (524ms)
				LogAssemblyErrors (0ms)
				InitializePlatformSupportModulesInManaged (7ms)
				SetLoadedEditorAssemblies (1ms)
				RefreshPlugins (1ms)
				BeforeProcessingInitializeOnLoad (74ms)
				ProcessInitializeOnLoadAttributes (431ms)
				ProcessInitializeOnLoadMethodAttributes (8ms)
				AfterProcessingInitializeOnLoad (2ms)
				EditorAssembliesLoaded (0ms)
			ExecutionOrderSort2 (0ms)
			AwakeInstancesAfterBackupRestoration (17ms)
Platform modules already initialized, skipping
Refreshing native plugins compatible for Editor in 0.53 ms, found 3 plugins.
Preloading 0 native plugins for Editor in 0.00 ms.
Unloading 2082 Unused Serialized files (Serialized files now loaded: 0)
System memory in use before: 190.2 MB.
System memory in use after: 190.3 MB.

Unloading 16 unused Assets to reduce memory usage. Loaded Objects now: 2570.
Total: 4.816413 ms (FindLiveObjects: 0.248724 ms CreateObjectMapping: 0.096671 ms MarkObjects: 4.436486 ms  DeleteObjects: 0.033215 ms)

AssetImportParameters requested are different than current active one (requested -> active):
  custom:video-decoder-ogg-theora: a1e56fd34408186e4bbccfd4996cb3dc -> 
  custom:container-muxer-webm: aa71ff27fc2769a1b78a27578f13a17b -> 
  custom:container-demuxer-webm: 4f35f7cbe854078d1ac9338744f61a02 -> 
  custom:container-demuxer-ogg: 62fdf1f143b41e24485cea50d1cbac27 -> 
  custom:video-encoder-webm-vp8: eb34c28f22e8b96e1ab97ce403110664 -> 
  custom:framework-osx-AVFoundation: e770b220cccbd017edd2c1fefb359320 -> 
  custom:video-decoder-webm-vp8: 9c59270c3fd7afecdb556c50c9e8de78 -> 
  custom:audio-decoder-ogg-vorbis: bf7c407c2cedff20999df2af8eb42d56 -> 
  custom:audio-encoder-webm-vorbis: bf7c407c2cedff20999df2af8eb42d56 -> 
========================================================================
Received Prepare
Registering precompiled user dll's ...
Registered in 0.002465 seconds.
Begin MonoManager ReloadAssembly
Native extension for WindowsStandalone target not found
Native extension for OSXStandalone target not found
Refreshing native plugins compatible for Editor in 0.61 ms, found 3 plugins.
Preloading 0 native plugins for Editor in 0.00 ms.
Mono: successfully reloaded assembly
- Completed reload, in  1.684 seconds
Domain Reload Profiling:
	ReloadAssembly (1684ms)
		BeginReloadAssembly (181ms)
			ExecutionOrderSort (0ms)
			DisableScriptedObjects (10ms)
			BackupInstance (0ms)
			ReleaseScriptingObjects (0ms)
			CreateAndSetChildDomain (99ms)
		EndReloadAssembly (1408ms)
			LoadAssemblies (104ms)
			RebuildTransferFunctionScriptingTraits (0ms)
			SetupTypeCache (486ms)
			ReleaseScriptCaches (1ms)
			RebuildScriptCaches (82ms)
			SetupLoadedEditorAssemblies (549ms)
				LogAssemblyErrors (0ms)
				InitializePlatformSupportModulesInManaged (7ms)
				SetLoadedEditorAssemblies (1ms)
				RefreshPlugins (1ms)
				BeforeProcessingInitializeOnLoad (70ms)
				ProcessInitializeOnLoadAttributes (458ms)
				ProcessInitializeOnLoadMethodAttributes (10ms)
				AfterProcessingInitializeOnLoad (2ms)
				EditorAssembliesLoaded (0ms)
			ExecutionOrderSort2 (0ms)
			AwakeInstancesAfterBackupRestoration (15ms)
Platform modules already initialized, skipping
Refreshing native plugins compatible for Editor in 0.72 ms, found 3 plugins.
Preloading 0 native plugins for Editor in 0.00 ms.
Unloading 2082 Unused Serialized files (Serialized files now loaded: 0)
System memory in use before: 190.4 MB.
System memory in use after: 190.5 MB.

Unloading 16 unused Assets to reduce memory usage. Loaded Objects now: 2573.
Total: 5.344699 ms (FindLiveObjects: 0.323392 ms CreateObjectMapping: 0.127383 ms MarkObjects: 4.859653 ms  DeleteObjects: 0.032225 ms)

AssetImportParameters requested are different than current active one (requested -> active):
  custom:video-decoder-ogg-theora: a1e56fd34408186e4bbccfd4996cb3dc -> 
  custom:container-muxer-webm: aa71ff27fc2769a1b78a27578f13a17b -> 
  custom:container-demuxer-webm: 4f35f7cbe854078d1ac9338744f61a02 -> 
  custom:container-demuxer-ogg: 62fdf1f143b41e24485cea50d1cbac27 -> 
  custom:video-encoder-webm-vp8: eb34c28f22e8b96e1ab97ce403110664 -> 
  custom:framework-osx-AVFoundation: e770b220cccbd017edd2c1fefb359320 -> 
  custom:video-decoder-webm-vp8: 9c59270c3fd7afecdb556c50c9e8de78 -> 
  custom:audio-decoder-ogg-vorbis: bf7c407c2cedff20999df2af8eb42d56 -> 
  custom:audio-encoder-webm-vorbis: bf7c407c2cedff20999df2af8eb42d56 -> 
========================================================================
Received Prepare
Registering precompiled user dll's ...
Registered in 0.002679 seconds.
Begin MonoManager ReloadAssembly
Native extension for WindowsStandalone target not found
Native extension for OSXStandalone target not found
Refreshing native plugins compatible for Editor in 0.61 ms, found 3 plugins.
Preloading 0 native plugins for Editor in 0.00 ms.
Mono: successfully reloaded assembly
- Completed reload, in  1.735 seconds
Domain Reload Profiling:
	ReloadAssembly (1736ms)
		BeginReloadAssembly (181ms)
			ExecutionOrderSort (0ms)
			DisableScriptedObjects (9ms)
			BackupInstance (0ms)
			ReleaseScriptingObjects (0ms)
			CreateAndSetChildDomain (97ms)
		EndReloadAssembly (1457ms)
			LoadAssemblies (106ms)
			RebuildTransferFunctionScriptingTraits (0ms)
			SetupTypeCache (502ms)
			ReleaseScriptCaches (1ms)
			RebuildScriptCaches (96ms)
			SetupLoadedEditorAssemblies (566ms)
				LogAssemblyErrors (0ms)
				InitializePlatformSupportModulesInManaged (8ms)
				SetLoadedEditorAssemblies (1ms)
				RefreshPlugins (1ms)
				BeforeProcessingInitializeOnLoad (73ms)
				ProcessInitializeOnLoadAttributes (473ms)
				ProcessInitializeOnLoadMethodAttributes (9ms)
				AfterProcessingInitializeOnLoad (2ms)
				EditorAssembliesLoaded (0ms)
			ExecutionOrderSort2 (0ms)
			AwakeInstancesAfterBackupRestoration (18ms)
Platform modules already initialized, skipping
Refreshing native plugins compatible for Editor in 0.53 ms, found 3 plugins.
Preloading 0 native plugins for Editor in 0.00 ms.
Unloading 2082 Unused Serialized files (Serialized files now loaded: 0)
System memory in use before: 190.6 MB.
System memory in use after: 190.8 MB.

Unloading 16 unused Assets to reduce memory usage. Loaded Objects now: 2576.
Total: 3.998120 ms (FindLiveObjects: 0.254513 ms CreateObjectMapping: 0.098453 ms MarkObjects: 3.619092 ms  DeleteObjects: 0.024611 ms)

AssetImportParameters requested are different than current active one (requested -> active):
  custom:video-decoder-ogg-theora: a1e56fd34408186e4bbccfd4996cb3dc -> 
  custom:container-muxer-webm: aa71ff27fc2769a1b78a27578f13a17b -> 
  custom:container-demuxer-webm: 4f35f7cbe854078d1ac9338744f61a02 -> 
  custom:container-demuxer-ogg: 62fdf1f143b41e24485cea50d1cbac27 -> 
  custom:video-encoder-webm-vp8: eb34c28f22e8b96e1ab97ce403110664 -> 
  custom:framework-osx-AVFoundation: e770b220cccbd017edd2c1fefb359320 -> 
  custom:video-decoder-webm-vp8: 9c59270c3fd7afecdb556c50c9e8de78 -> 
  custom:audio-decoder-ogg-vorbis: bf7c407c2cedff20999df2af8eb42d56 -> 
  custom:audio-encoder-webm-vorbis: bf7c407c2cedff20999df2af8eb42d56 -> 
========================================================================
Received Prepare
Registering precompiled user dll's ...
Registered in 0.002497 seconds.
Begin MonoManager ReloadAssembly
Native extension for WindowsStandalone target not found
Native extension for OSXStandalone target not found
Refreshing native plugins compatible for Editor in 0.62 ms, found 3 plugins.
Preloading 0 native plugins for Editor in 0.00 ms.
Mono: successfully reloaded assembly
- Completed reload, in  1.664 seconds
Domain Reload Profiling:
	ReloadAssembly (1665ms)
		BeginReloadAssembly (180ms)
			ExecutionOrderSort (0ms)
			DisableScriptedObjects (9ms)
			BackupInstance (0ms)
			ReleaseScriptingObjects (0ms)
			CreateAndSetChildDomain (96ms)
		EndReloadAssembly (1389ms)
			LoadAssemblies (106ms)
			RebuildTransferFunctionScriptingTraits (0ms)
			SetupTypeCache (496ms)
			ReleaseScriptCaches (1ms)
			RebuildScriptCaches (81ms)
			SetupLoadedEditorAssemblies (521ms)
				LogAssemblyErrors (0ms)
				InitializePlatformSupportModulesInManaged (8ms)
				SetLoadedEditorAssemblies (1ms)
				RefreshPlugins (1ms)
				BeforeProcessingInitializeOnLoad (71ms)
				ProcessInitializeOnLoadAttributes (430ms)
				ProcessInitializeOnLoadMethodAttributes (9ms)
				AfterProcessingInitializeOnLoad (2ms)
				EditorAssembliesLoaded (0ms)
			ExecutionOrderSort2 (0ms)
			AwakeInstancesAfterBackupRestoration (18ms)
Platform modules already initialized, skipping
Refreshing native plugins compatible for Editor in 0.65 ms, found 3 plugins.
Preloading 0 native plugins for Editor in 0.00 ms.
Unloading 2082 Unused Serialized files (Serialized files now loaded: 0)
System memory in use before: 190.8 MB.
System memory in use after: 191.0 MB.

Unloading 16 unused Assets to reduce memory usage. Loaded Objects now: 2579.
Total: 4.284566 ms (FindLiveObjects: 0.335504 ms CreateObjectMapping: 0.128942 ms MarkObjects: 3.794183 ms  DeleteObjects: 0.024151 ms)

AssetImportParameters requested are different than current active one (requested -> active):
  custom:video-decoder-ogg-theora: a1e56fd34408186e4bbccfd4996cb3dc -> 
  custom:container-muxer-webm: aa71ff27fc2769a1b78a27578f13a17b -> 
  custom:container-demuxer-webm: 4f35f7cbe854078d1ac9338744f61a02 -> 
  custom:container-demuxer-ogg: 62fdf1f143b41e24485cea50d1cbac27 -> 
  custom:video-encoder-webm-vp8: eb34c28f22e8b96e1ab97ce403110664 -> 
  custom:framework-osx-AVFoundation: e770b220cccbd017edd2c1fefb359320 -> 
  custom:video-decoder-webm-vp8: 9c59270c3fd7afecdb556c50c9e8de78 -> 
  custom:audio-decoder-ogg-vorbis: bf7c407c2cedff20999df2af8eb42d56 -> 
  custom:audio-encoder-webm-vorbis: bf7c407c2cedff20999df2af8eb42d56 -> 
========================================================================
Received Prepare
Registering precompiled user dll's ...
Registered in 0.011652 seconds.
Begin MonoManager ReloadAssembly
Native extension for WindowsStandalone target not found
Native extension for OSXStandalone target not found
Refreshing native plugins compatible for Editor in 0.55 ms, found 3 plugins.
Preloading 0 native plugins for Editor in 0.00 ms.
Mono: successfully reloaded assembly
- Completed reload, in  1.625 seconds
Domain Reload Profiling:
	ReloadAssembly (1625ms)
		BeginReloadAssembly (214ms)
			ExecutionOrderSort (0ms)
			DisableScriptedObjects (10ms)
			BackupInstance (0ms)
			ReleaseScriptingObjects (0ms)
			CreateAndSetChildDomain (113ms)
		EndReloadAssembly (1320ms)
			LoadAssemblies (178ms)
			RebuildTransferFunctionScriptingTraits (0ms)
			SetupTypeCache (462ms)
			ReleaseScriptCaches (1ms)
			RebuildScriptCaches (74ms)
			SetupLoadedEditorAssemblies (458ms)
				LogAssemblyErrors (0ms)
				InitializePlatformSupportModulesInManaged (6ms)
				SetLoadedEditorAssemblies (1ms)
				RefreshPlugins (1ms)
				BeforeProcessingInitializeOnLoad (63ms)
				ProcessInitializeOnLoadAttributes (377ms)
				ProcessInitializeOnLoadMethodAttributes (8ms)
				AfterProcessingInitializeOnLoad (2ms)
				EditorAssembliesLoaded (0ms)
			ExecutionOrderSort2 (0ms)
			AwakeInstancesAfterBackupRestoration (14ms)
Platform modules already initialized, skipping
Refreshing native plugins compatible for Editor in 0.67 ms, found 3 plugins.
Preloading 0 native plugins for Editor in 0.00 ms.
Unloading 2082 Unused Serialized files (Serialized files now loaded: 0)
System memory in use before: 191.0 MB.
System memory in use after: 191.2 MB.

Unloading 16 unused Assets to reduce memory usage. Loaded Objects now: 2582.
Total: 5.306054 ms (FindLiveObjects: 0.333938 ms CreateObjectMapping: 0.133297 ms MarkObjects: 4.808496 ms  DeleteObjects: 0.028804 ms)

AssetImportParameters requested are different than current active one (requested -> active):
  custom:video-decoder-ogg-theora: a1e56fd34408186e4bbccfd4996cb3dc -> 
  custom:container-muxer-webm: aa71ff27fc2769a1b78a27578f13a17b -> 
  custom:container-demuxer-webm: 4f35f7cbe854078d1ac9338744f61a02 -> 
  custom:container-demuxer-ogg: 62fdf1f143b41e24485cea50d1cbac27 -> 
  custom:video-encoder-webm-vp8: eb34c28f22e8b96e1ab97ce403110664 -> 
  custom:framework-osx-AVFoundation: e770b220cccbd017edd2c1fefb359320 -> 
  custom:video-decoder-webm-vp8: 9c59270c3fd7afecdb556c50c9e8de78 -> 
  custom:audio-decoder-ogg-vorbis: bf7c407c2cedff20999df2af8eb42d56 -> 
  custom:audio-encoder-webm-vorbis: bf7c407c2cedff20999df2af8eb42d56 -> 
========================================================================
Received Prepare
Registering precompiled user dll's ...
Registered in 0.013229 seconds.
Begin MonoManager ReloadAssembly
Native extension for WindowsStandalone target not found
Native extension for OSXStandalone target not found
Refreshing native plugins compatible for Editor in 0.75 ms, found 3 plugins.
Preloading 0 native plugins for Editor in 0.00 ms.
Mono: successfully reloaded assembly
- Completed reload, in  1.758 seconds
Domain Reload Profiling:
	ReloadAssembly (1766ms)
		BeginReloadAssembly (233ms)
			ExecutionOrderSort (0ms)
			DisableScriptedObjects (10ms)
			BackupInstance (0ms)
			ReleaseScriptingObjects (0ms)
			CreateAndSetChildDomain (129ms)
		EndReloadAssembly (1442ms)
			LoadAssemblies (176ms)
			RebuildTransferFunctionScriptingTraits (0ms)
			SetupTypeCache (463ms)
			ReleaseScriptCaches (1ms)
			RebuildScriptCaches (72ms)
			SetupLoadedEditorAssemblies (532ms)
				LogAssemblyErrors (0ms)
				InitializePlatformSupportModulesInManaged (7ms)
				SetLoadedEditorAssemblies (1ms)
				RefreshPlugins (1ms)
				BeforeProcessingInitializeOnLoad (64ms)
				ProcessInitializeOnLoadAttributes (442ms)
				ProcessInitializeOnLoadMethodAttributes (13ms)
				AfterProcessingInitializeOnLoad (3ms)
				EditorAssembliesLoaded (0ms)
			ExecutionOrderSort2 (0ms)
			AwakeInstancesAfterBackupRestoration (20ms)
Platform modules already initialized, skipping
Refreshing native plugins compatible for Editor in 0.67 ms, found 3 plugins.
Preloading 0 native plugins for Editor in 0.00 ms.
Unloading 2082 Unused Serialized files (Serialized files now loaded: 0)
System memory in use before: 191.2 MB.
System memory in use after: 191.4 MB.

Unloading 16 unused Assets to reduce memory usage. Loaded Objects now: 2585.
Total: 5.827621 ms (FindLiveObjects: 0.490239 ms CreateObjectMapping: 0.160047 ms MarkObjects: 5.142071 ms  DeleteObjects: 0.033660 ms)

AssetImportParameters requested are different than current active one (requested -> active):
  custom:video-decoder-ogg-theora: a1e56fd34408186e4bbccfd4996cb3dc -> 
  custom:container-muxer-webm: aa71ff27fc2769a1b78a27578f13a17b -> 
  custom:container-demuxer-webm: 4f35f7cbe854078d1ac9338744f61a02 -> 
  custom:container-demuxer-ogg: 62fdf1f143b41e24485cea50d1cbac27 -> 
  custom:video-encoder-webm-vp8: eb34c28f22e8b96e1ab97ce403110664 -> 
  custom:framework-osx-AVFoundation: e770b220cccbd017edd2c1fefb359320 -> 
  custom:video-decoder-webm-vp8: 9c59270c3fd7afecdb556c50c9e8de78 -> 
  custom:audio-decoder-ogg-vorbis: bf7c407c2cedff20999df2af8eb42d56 -> 
  custom:audio-encoder-webm-vorbis: bf7c407c2cedff20999df2af8eb42d56 -> 
AssetImportWorkerClient::OnTransportError - code=2 error=End of file
